#
# There is insufficient memory for the Java Runtime Environment to continue.
# Native memory allocation (mmap) failed to map 209715200 bytes for committing reserved memory.
# Possible reasons:
#   The system is out of physical RAM or swap space
#   In 32 bit mode, the process size limit was hit
# Possible solutions:
#   Reduce memory load on the system
#   Increase physical memory or swap space
#   Check if swap backing store is full
#   Use 64 bit Java on a 64 bit OS
#   Decrease Java heap size (-Xmx/-Xms)
#   Decrease number of Java threads
#   Decrease Java thread stack sizes (-Xss)
#   Set larger code cache with -XX:ReservedCodeCacheSize=
# This output file may be truncated or incomplete.
#
#  Out of Memory Error (os_linux.cpp:2627), pid=9233, tid=0x00007fb23b2f2700
#
# JRE version: OpenJDK Runtime Environment (8.0_76-b03) (build 1.8.0_76-release-b03)
# Java VM: OpenJDK 64-Bit Server VM (25.76-b03 mixed mode linux-amd64 compressed oops)
# Failed to write core dump. Core dumps have been disabled. To enable core dumping, try "ulimit -c unlimited" before starting Java again
#

---------------  T H R E A D  ---------------

Current thread (0x00007fb254077000):  VMThread [stack: 0x00007fb23b1f2000,0x00007fb23b2f3000] [id=9242]

Stack: [0x00007fb23b1f2000,0x00007fb23b2f3000],  sp=0x00007fb23b2f14d0,  free space=1021k
Native frames: (J=compiled Java code, j=interpreted, Vv=VM code, C=native code)
V  [libjvm.so+0x9d9fcd]  VMError::report_and_die()+0x15d
V  [libjvm.so+0x4b4d4a]  report_vm_out_of_memory(char const*, int, unsigned long, VMErrorType, char const*)+0x8a
V  [libjvm.so+0x845190]  os::pd_commit_memory(char*, unsigned long, unsigned long, bool)+0xf0
V  [libjvm.so+0x83fcbf]  os::commit_memory(char*, unsigned long, unsigned long, bool)+0x1f
V  [libjvm.so+0x8b4d9b]  PSVirtualSpace::expand_by(unsigned long)+0x5b
V  [libjvm.so+0x8a5b7b]  PSOldGen::expand_by(unsigned long) [clone .part.109]+0x1b
V  [libjvm.so+0x8a5d3b]  PSOldGen::expand(unsigned long) [clone .part.111]+0xdb
V  [libjvm.so+0x8a6618]  PSOldGen::resize(unsigned long)+0x188
V  [libjvm.so+0x8abc2c]  PSParallelCompact::invoke_no_policy(bool)+0x97c
V  [libjvm.so+0x8b2d3d]  PSScavenge::invoke()+0x17d
V  [libjvm.so+0x8681f3]  ParallelScavengeHeap::failed_mem_allocate(unsigned long)+0x63
V  [libjvm.so+0x9dba94]  VM_ParallelGCFailedAllocation::doit()+0x84
V  [libjvm.so+0x9dfe47]  VM_Operation::evaluate()+0x47
V  [libjvm.so+0x9de908]  VMThread::evaluate_operation(VM_Operation*)+0x2c8
V  [libjvm.so+0x9ded89]  VMThread::loop()+0x219
V  [libjvm.so+0x9df1d2]  VMThread::run()+0x72
V  [libjvm.so+0x8425b2]  java_start(Thread*)+0xf2

VM_Operation (0x00007fb231b1d140): ParallelGCFailedAllocation, mode: safepoint, requested by thread 0x00007fb1d805c800


---------------  P R O C E S S  ---------------

Java Threads: ( => current thread )
  0x00007fb1d805e800 JavaThread "pool-5-thread-4" [_thread_blocked, id=9273, stack(0x00007fb23191d000,0x00007fb231a1e000)]
  0x00007fb1d805c800 JavaThread "pool-5-thread-3" [_thread_blocked, id=9272, stack(0x00007fb231a1e000,0x00007fb231b1f000)]
  0x00007fb1d805b000 JavaThread "pool-5-thread-2" [_thread_blocked, id=9271, stack(0x00007fb231b1f000,0x00007fb231c20000)]
  0x00007fb1d8059000 JavaThread "pool-6-thread-1" [_thread_blocked, id=9270, stack(0x00007fb231c20000,0x00007fb231d21000)]
  0x00007fb1d8058000 JavaThread "pool-5-thread-1" [_thread_blocked, id=9269, stack(0x00007fb231d21000,0x00007fb231e22000)]
  0x00007fb1f05d0000 JavaThread "pool-3-thread-1" [_thread_blocked, id=9268, stack(0x00007fb231ef4000,0x00007fb231ff5000)]
  0x00007fb1f0dfb800 JavaThread "pool-2-thread-1" [_thread_blocked, id=9265, stack(0x00007fb233208000,0x00007fb233309000)]
  0x00007fb1f057c000 JavaThread "File lock request listener" [_thread_in_native, id=9264, stack(0x00007fb2380a2000,0x00007fb2381a3000)]
  0x00007fb1f0856800 JavaThread "process reaper" daemon [_thread_blocked, id=9263, stack(0x00007fb2381a3000,0x00007fb2381dc000)]
  0x00007fb1f0012800 JavaThread "Stdin handler" [_thread_blocked, id=9261, stack(0x00007fb238855000,0x00007fb238956000)]
  0x00007fb1f0007800 JavaThread "Asynchronous log dispatcher for org.gradle.launcher.daemon.server.DefaultDaemonConnection@64d46296" [_thread_blocked, id=9260, stack(0x00007fb238956000,0x00007fb238a57000)]
  0x00007fb1f4009000 JavaThread "Daemon worker" [_thread_blocked, id=9257, stack(0x00007fb238a57000,0x00007fb238b58000)]
  0x00007fb1f4008000 JavaThread "Cancel handler" [_thread_blocked, id=9256, stack(0x00007fb238b58000,0x00007fb238c59000)]
  0x00007fb1f4003800 JavaThread "Handler for socket connection from /127.0.0.1:46853 to /127.0.0.1:46648" [_thread_in_native, id=9255, stack(0x00007fb238c59000,0x00007fb238d5a000)]
  0x00007fb1fc013000 JavaThread "Daemon" [_thread_blocked, id=9254, stack(0x00007fb238d5a000,0x00007fb238e5b000)]
  0x00007fb254b46800 JavaThread "pool-1-thread-1" [_thread_blocked, id=9253, stack(0x00007fb238e5b000,0x00007fb238f5c000)]
  0x00007fb254b1b800 JavaThread "Incoming local TCP Connector on port 46853" [_thread_in_native, id=9252, stack(0x00007fb239163000,0x00007fb239264000)]
  0x00007fb2540c0800 JavaThread "Service Thread" daemon [_thread_blocked, id=9249, stack(0x00007fb23a812000,0x00007fb23a913000)]
  0x00007fb2540bd000 JavaThread "C1 CompilerThread2" daemon [_thread_blocked, id=9248, stack(0x00007fb23a913000,0x00007fb23aa14000)]
  0x00007fb2540bb800 JavaThread "C2 CompilerThread1" daemon [_thread_blocked, id=9247, stack(0x00007fb23aa14000,0x00007fb23ab15000)]
  0x00007fb2540b8800 JavaThread "C2 CompilerThread0" daemon [_thread_blocked, id=9246, stack(0x00007fb23ab15000,0x00007fb23ac16000)]
  0x00007fb2540b7000 JavaThread "Signal Dispatcher" daemon [_thread_blocked, id=9245, stack(0x00007fb23ac16000,0x00007fb23ad17000)]
  0x00007fb254083800 JavaThread "Finalizer" daemon [_thread_blocked, id=9244, stack(0x00007fb23aff0000,0x00007fb23b0f1000)]
  0x00007fb25407f000 JavaThread "Reference Handler" daemon [_thread_blocked, id=9243, stack(0x00007fb23b0f1000,0x00007fb23b1f2000)]
  0x00007fb25400a000 JavaThread "main" [_thread_blocked, id=9237, stack(0x00007fb25aa9b000,0x00007fb25ab9c000)]

Other Threads:
=>0x00007fb254077000 VMThread [stack: 0x00007fb23b1f2000,0x00007fb23b2f3000] [id=9242]
  0x00007fb2540c2800 WatcherThread [stack: 0x00007fb23a711000,0x00007fb23a812000] [id=9250]

VM state:at safepoint (normal execution)

VM Mutex/Monitor currently owned by a thread:  ([mutex/lock_event])
[0x00007fb254005b60] ExpandHeap_lock - owner thread: 0x00007fb254077000
[0x00007fb2540061e0] Threads_lock - owner thread: 0x00007fb254077000
[0x00007fb2540066e0] Heap_lock - owner thread: 0x00007fb1d805c800

Heap:
 PSYoungGen      total 349696K, used 0K [0x00000000e0000000, 0x0000000100000000, 0x0000000100000000)
  eden space 175104K, 0% used [0x00000000e0000000,0x00000000e0000000,0x00000000eab00000)
  from space 174592K, 0% used [0x00000000f5580000,0x00000000f5580000,0x0000000100000000)
  to   space 174592K, 0% used [0x00000000eab00000,0x00000000eab00000,0x00000000f5580000)
 ParOldGen       total 843776K, used 829848K [0x00000000a0000000, 0x00000000d3800000, 0x00000000e0000000)
  object space 843776K, 98% used [0x00000000a0000000,0x00000000d2a66110,0x00000000d3800000)
 Metaspace       used 53663K, capacity 55204K, committed 55552K, reserved 1097728K
  class space    used 6972K, capacity 7336K, committed 7424K, reserved 1048576K

Card table byte_map: [0x00007fb244511000,0x00007fb244812000] byte_map_base: 0x00007fb244011000

Marking Bits: (ParMarkBitMap*) 0x00007fb259f681a0
 Begin Bits: [0x00007fb24100e000, 0x00007fb24280e000)
 End Bits:   [0x00007fb24280e000, 0x00007fb24400e000)

Polling page: 0x00007fb25abb8000

CodeCache: size=245760Kb used=32783Kb max_used=32802Kb free=212976Kb
 bounds [0x00007fb244bd2000, 0x00007fb246c12000, 0x00007fb253bd2000]
 total_blobs=9420 nmethods=8710 adapters=623
 compilation: enabled

Compilation events (10 events):
Event: 38,016 Thread 0x00007fb2540b8800 nmethod 10581 0x00007fb246b9f9d0 code [0x00007fb246b9fb40, 0x00007fb246b9fcb8]
Event: 38,016 Thread 0x00007fb2540b8800 10623   !   4       java.util.zip.ZipFile$ZipFileInputStream::close (110 bytes)
Event: 38,021 Thread 0x00007fb2540b8800 nmethod 10623 0x00007fb246bd4a50 code [0x00007fb246bd4be0, 0x00007fb246bd54a8]
Event: 38,021 Thread 0x00007fb2540b8800 10509       4       com.android.dx.rop.annotation.Annotation::put (32 bytes)
Event: 38,022 Thread 0x00007fb2540b8800 nmethod 10509 0x00007fb2464b6fd0 code [0x00007fb2464b7120, 0x00007fb2464b7208]
Event: 38,022 Thread 0x00007fb2540b8800 10587       4       com.android.dx.rop.type.Type::isCategory1 (36 bytes)
Event: 38,023 Thread 0x00007fb2540b8800 nmethod 10587 0x00007fb245fd2c50 code [0x00007fb245fd2da0, 0x00007fb245fd2e18]
Event: 38,023 Thread 0x00007fb2540b8800 10621       4       com.android.dx.ssa.SsaMethod::forEachBlockDepthFirstDom (128 bytes)
Event: 38,029 Thread 0x00007fb2540bb800 nmethod 10619 0x00007fb246c06710 code [0x00007fb246c06a60, 0x00007fb246c08cb0]
Event: 38,029 Thread 0x00007fb2540bb800 10624       4       com.android.dx.ssa.SsaMethod::makeExitBlock (134 bytes)

GC Heap History (10 events):
Event: 36,565 GC heap after
Heap after GC invocations=43 (full 7):
 PSYoungGen      total 345600K, used 156013K [0x00000000e0000000, 0x0000000100000000, 0x0000000100000000)
  eden space 175104K, 0% used [0x00000000e0000000,0x00000000e0000000,0x00000000eab00000)
  from space 170496K, 91% used [0x00000000f5980000,0x00000000ff1db6f8,0x0000000100000000)
  to   space 174592K, 0% used [0x00000000eab00000,0x00000000eab00000,0x00000000f5580000)
 ParOldGen       total 843776K, used 593053K [0x00000000a0000000, 0x00000000d3800000, 0x00000000e0000000)
  object space 843776K, 70% used [0x00000000a0000000,0x00000000c43275e0,0x00000000d3800000)
 Metaspace       used 53660K, capacity 55204K, committed 55552K, reserved 1097728K
  class space    used 6972K, capacity 7336K, committed 7424K, reserved 1048576K
}
Event: 36,867 GC heap before
{Heap before GC invocations=44 (full 7):
 PSYoungGen      total 345600K, used 331117K [0x00000000e0000000, 0x0000000100000000, 0x0000000100000000)
  eden space 175104K, 100% used [0x00000000e0000000,0x00000000eab00000,0x00000000eab00000)
  from space 170496K, 91% used [0x00000000f5980000,0x00000000ff1db6f8,0x0000000100000000)
  to   space 174592K, 0% used [0x00000000eab00000,0x00000000eab00000,0x00000000f5580000)
 ParOldGen       total 843776K, used 593053K [0x00000000a0000000, 0x00000000d3800000, 0x00000000e0000000)
  object space 843776K, 70% used [0x00000000a0000000,0x00000000c43275e0,0x00000000d3800000)
 Metaspace       used 53662K, capacity 55204K, committed 55552K, reserved 1097728K
  class space    used 6972K, capacity 7336K, committed 7424K, reserved 1048576K
Event: 36,970 GC heap after
Heap after GC invocations=44 (full 7):
 PSYoungGen      total 349696K, used 149640K [0x00000000e0000000, 0x0000000100000000, 0x0000000100000000)
  eden space 175104K, 0% used [0x00000000e0000000,0x00000000e0000000,0x00000000eab00000)
  from space 174592K, 85% used [0x00000000eab00000,0x00000000f3d220b8,0x00000000f5580000)
  to   space 174592K, 0% used [0x00000000f5580000,0x00000000f5580000,0x0000000100000000)
 ParOldGen       total 843776K, used 624690K [0x00000000a0000000, 0x00000000d3800000, 0x00000000e0000000)
  object space 843776K, 74% used [0x00000000a0000000,0x00000000c620c9f0,0x00000000d3800000)
 Metaspace       used 53662K, capacity 55204K, committed 55552K, reserved 1097728K
  class space    used 6972K, capacity 7336K, committed 7424K, reserved 1048576K
}
Event: 37,293 GC heap before
{Heap before GC invocations=45 (full 7):
 PSYoungGen      total 349696K, used 324744K [0x00000000e0000000, 0x0000000100000000, 0x0000000100000000)
  eden space 175104K, 100% used [0x00000000e0000000,0x00000000eab00000,0x00000000eab00000)
  from space 174592K, 85% used [0x00000000eab00000,0x00000000f3d220b8,0x00000000f5580000)
  to   space 174592K, 0% used [0x00000000f5580000,0x00000000f5580000,0x0000000100000000)
 ParOldGen       total 843776K, used 624690K [0x00000000a0000000, 0x00000000d3800000, 0x00000000e0000000)
  object space 843776K, 74% used [0x00000000a0000000,0x00000000c620c9f0,0x00000000d3800000)
 Metaspace       used 53662K, capacity 55204K, committed 55552K, reserved 1097728K
  class space    used 6972K, capacity 7336K, committed 7424K, reserved 1048576K
Event: 37,391 GC heap after
Heap after GC invocations=45 (full 7):
 PSYoungGen      total 349696K, used 133057K [0x00000000e0000000, 0x0000000100000000, 0x0000000100000000)
  eden space 175104K, 0% used [0x00000000e0000000,0x00000000e0000000,0x00000000eab00000)
  from space 174592K, 76% used [0x00000000f5580000,0x00000000fd7706f8,0x0000000100000000)
  to   space 174592K, 0% used [0x00000000eab00000,0x00000000eab00000,0x00000000f5580000)
 ParOldGen       total 843776K, used 667953K [0x00000000a0000000, 0x00000000d3800000, 0x00000000e0000000)
  object space 843776K, 79% used [0x00000000a0000000,0x00000000c8c4c458,0x00000000d3800000)
 Metaspace       used 53662K, capacity 55204K, committed 55552K, reserved 1097728K
  class space    used 6972K, capacity 7336K, committed 7424K, reserved 1048576K
}
Event: 37,632 GC heap before
{Heap before GC invocations=46 (full 7):
 PSYoungGen      total 349696K, used 308161K [0x00000000e0000000, 0x0000000100000000, 0x0000000100000000)
  eden space 175104K, 100% used [0x00000000e0000000,0x00000000eab00000,0x00000000eab00000)
  from space 174592K, 76% used [0x00000000f5580000,0x00000000fd7706f8,0x0000000100000000)
  to   space 174592K, 0% used [0x00000000eab00000,0x00000000eab00000,0x00000000f5580000)
 ParOldGen       total 843776K, used 667953K [0x00000000a0000000, 0x00000000d3800000, 0x00000000e0000000)
  object space 843776K, 79% used [0x00000000a0000000,0x00000000c8c4c458,0x00000000d3800000)
 Metaspace       used 53662K, capacity 55204K, committed 55552K, reserved 1097728K
  class space    used 6972K, capacity 7336K, committed 7424K, reserved 1048576K
Event: 37,776 GC heap after
Heap after GC invocations=46 (full 7):
 PSYoungGen      total 349696K, used 108696K [0x00000000e0000000, 0x0000000100000000, 0x0000000100000000)
  eden space 175104K, 0% used [0x00000000e0000000,0x00000000e0000000,0x00000000eab00000)
  from space 174592K, 62% used [0x00000000eab00000,0x00000000f1526290,0x00000000f5580000)
  to   space 174592K, 0% used [0x00000000f5580000,0x00000000f5580000,0x0000000100000000)
 ParOldGen       total 843776K, used 722565K [0x00000000a0000000, 0x00000000d3800000, 0x00000000e0000000)
  object space 843776K, 85% used [0x00000000a0000000,0x00000000cc1a1510,0x00000000d3800000)
 Metaspace       used 53662K, capacity 55204K, committed 55552K, reserved 1097728K
  class space    used 6972K, capacity 7336K, committed 7424K, reserved 1048576K
}
Event: 38,048 GC heap before
{Heap before GC invocations=47 (full 7):
 PSYoungGen      total 349696K, used 283800K [0x00000000e0000000, 0x0000000100000000, 0x0000000100000000)
  eden space 175104K, 100% used [0x00000000e0000000,0x00000000eab00000,0x00000000eab00000)
  from space 174592K, 62% used [0x00000000eab00000,0x00000000f1526290,0x00000000f5580000)
  to   space 174592K, 0% used [0x00000000f5580000,0x00000000f5580000,0x0000000100000000)
 ParOldGen       total 843776K, used 722565K [0x00000000a0000000, 0x00000000d3800000, 0x00000000e0000000)
  object space 843776K, 85% used [0x00000000a0000000,0x00000000cc1a1510,0x00000000d3800000)
 Metaspace       used 53663K, capacity 55204K, committed 55552K, reserved 1097728K
  class space    used 6972K, capacity 7336K, committed 7424K, reserved 1048576K
Event: 38,144 GC heap after
Heap after GC invocations=47 (full 7):
 PSYoungGen      total 349696K, used 81695K [0x00000000e0000000, 0x0000000100000000, 0x0000000100000000)
  eden space 175104K, 0% used [0x00000000e0000000,0x00000000e0000000,0x00000000eab00000)
  from space 174592K, 46% used [0x00000000f5580000,0x00000000fa547fc8,0x0000000100000000)
  to   space 174592K, 0% used [0x00000000eab00000,0x00000000eab00000,0x00000000f5580000)
 ParOldGen       total 843776K, used 773967K [0x00000000a0000000, 0x00000000d3800000, 0x00000000e0000000)
  object space 843776K, 91% used [0x00000000a0000000,0x00000000cf3d3c38,0x00000000d3800000)
 Metaspace       used 53663K, capacity 55204K, committed 55552K, reserved 1097728K
  class space    used 6972K, capacity 7336K, committed 7424K, reserved 1048576K
}
Event: 38,144 GC heap before
{Heap before GC invocations=48 (full 8):
 PSYoungGen      total 349696K, used 81695K [0x00000000e0000000, 0x0000000100000000, 0x0000000100000000)
  eden space 175104K, 0% used [0x00000000e0000000,0x00000000e0000000,0x00000000eab00000)
  from space 174592K, 46% used [0x00000000f5580000,0x00000000fa547fc8,0x0000000100000000)
  to   space 174592K, 0% used [0x00000000eab00000,0x00000000eab00000,0x00000000f5580000)
 ParOldGen       total 843776K, used 773967K [0x00000000a0000000, 0x00000000d3800000, 0x00000000e0000000)
  object space 843776K, 91% used [0x00000000a0000000,0x00000000cf3d3c38,0x00000000d3800000)
 Metaspace       used 53663K, capacity 55204K, committed 55552K, reserved 1097728K
  class space    used 6972K, capacity 7336K, committed 7424K, reserved 1048576K

Deoptimization events (10 events):
Event: 36,421 Thread 0x00007fb1d805b000 Uncommon trap: reason=unstable_if action=reinterpret pc=0x00007fb2466451c0 method=com.android.dx.ssa.back.FirstFitLocalCombiningAllocator.findNextUnreservedRopReg(IILcom/android/dx/ssa/back/FirstFitLocalCombiningAllocator$Alignment;)I @ 32
Event: 36,427 Thread 0x00007fb1d805e800 Uncommon trap: reason=unstable_if action=reinterpret pc=0x00007fb246ab39a4 method=com.android.dx.ssa.back.FirstFitLocalCombiningAllocator.findNextUnreservedRopReg(IILcom/android/dx/ssa/back/FirstFitLocalCombiningAllocator$Alignment;)I @ 32
Event: 36,434 Thread 0x00007fb1d805e800 Uncommon trap: reason=unstable_if action=reinterpret pc=0x00007fb2467fb5ec method=com.android.dx.ssa.back.FirstFitLocalCombiningAllocator.findNextUnreservedRopReg(IILcom/android/dx/ssa/back/FirstFitLocalCombiningAllocator$Alignment;)I @ 32
Event: 36,643 Thread 0x00007fb1f05d0000 Uncommon trap: reason=unstable_if action=reinterpret pc=0x00007fb246ae2bf0 method=com.android.dx.cf.code.Merger.mergeType(Lcom/android/dx/rop/type/TypeBearer;Lcom/android/dx/rop/type/TypeBearer;)Lcom/android/dx/rop/type/TypeBearer; @ 133
Event: 37,056 Thread 0x00007fb1d805b000 Uncommon trap: reason=unstable_if action=reinterpret pc=0x00007fb246814740 method=java.util.concurrent.ConcurrentHashMap.get(Ljava/lang/Object;)Ljava/lang/Object; @ 86
Event: 37,467 Thread 0x00007fb1d8058000 Uncommon trap: reason=unstable_if action=reinterpret pc=0x00007fb246b60cc8 method=java.util.concurrent.ConcurrentHashMap.transfer([Ljava/util/concurrent/ConcurrentHashMap$Node;[Ljava/util/concurrent/ConcurrentHashMap$Node;)V @ 754
Event: 37,560 Thread 0x00007fb1f05d0000 Uncommon trap: reason=unstable_if action=reinterpret pc=0x00007fb246a35038 method=java.util.concurrent.ConcurrentHashMap$TreeBin.putTreeVal(ILjava/lang/Object;Ljava/lang/Object;)Ljava/util/concurrent/ConcurrentHashMap$TreeNode; @ 131
Event: 37,784 Thread 0x00007fb1d805c800 Uncommon trap: reason=unstable_if action=reinterpret pc=0x00007fb246ac5c4c method=com.android.dx.ssa.back.FirstFitLocalCombiningAllocator.findNextUnreservedRopReg(IILcom/android/dx/ssa/back/FirstFitLocalCombiningAllocator$Alignment;)I @ 32
Event: 37,790 Thread 0x00007fb1d805e800 Uncommon trap: reason=unstable_if action=reinterpret pc=0x00007fb246bbabb8 method=com.android.dx.ssa.SsaMethod.makeExitBlock()V @ 103
Event: 37,928 Thread 0x00007fb1d8058000 Uncommon trap: reason=unstable_if action=reinterpret pc=0x00007fb246b896b8 method=com.android.dx.cf.code.Ropper.addOrReplaceBlock(Lcom/android/dx/rop/code/BasicBlock;Lcom/android/dx/util/IntList;)Z @ 24

Internal exceptions (10 events):
Event: 14,714 Thread 0x00007fb1f4009000 Exception <a 'java/lang/NoSuchMethodError': <clinit>> (0x00000000e0f432e8) thrown at [/ssd/Android/AOSP-openjdk/external/jetbrains/jdk/hotspot/src/share/vm/prims/jni.cpp, line 1591]
Event: 14,728 Thread 0x00007fb1f4009000 Exception <a 'java/lang/NoSuchMethodError': <clinit>> (0x00000000e111a8b8) thrown at [/ssd/Android/AOSP-openjdk/external/jetbrains/jdk/hotspot/src/share/vm/prims/jni.cpp, line 1591]
Event: 14,729 Thread 0x00007fb1f4009000 Exception <a 'java/lang/NoSuchMethodError': <clinit>> (0x00000000e11330c8) thrown at [/ssd/Android/AOSP-openjdk/external/jetbrains/jdk/hotspot/src/share/vm/prims/jni.cpp, line 1591]
Event: 14,729 Thread 0x00007fb1f4009000 Exception <a 'java/lang/NoSuchMethodError': <clinit>> (0x00000000e11345e0) thrown at [/ssd/Android/AOSP-openjdk/external/jetbrains/jdk/hotspot/src/share/vm/prims/jni.cpp, line 1591]
Event: 18,399 Thread 0x00007fb1d8058000 Implicit null exception at 0x00007fb245d58562 to 0x00007fb245d58665
Event: 18,481 Thread 0x00007fb1d805e800 Implicit null exception at 0x00007fb2463f8a1c to 0x00007fb2463f978d
Event: 18,602 Thread 0x00007fb1d805e800 Implicit null exception at 0x00007fb2463b0221 to 0x00007fb2463b0d9d
Event: 18,706 Thread 0x00007fb1d8058000 Implicit null exception at 0x00007fb2461ea5bb to 0x00007fb2461ea745
Event: 23,241 Thread 0x00007fb1f05d0000 Implicit null exception at 0x00007fb244f950c5 to 0x00007fb244f95a9d
Event: 25,731 Thread 0x00007fb1d805e800 Implicit null exception at 0x00007fb2468e88cc to 0x00007fb2468edc6d

Events (10 events):
Event: 37,928 Thread 0x00007fb1d8058000 DEOPT UNPACKING pc=0x00007fb244bd6f69 sp=0x00007fb231e20130 mode 2
Event: 37,969 Thread 0x00007fb1d8058000 DEOPT PACKING pc=0x00007fb24643338b sp=0x00007fb231e201c0
Event: 37,969 Thread 0x00007fb1d8058000 DEOPT UNPACKING pc=0x00007fb244c19373 sp=0x00007fb231e1ffa0 mode 0
Event: 37,986 Thread 0x00007fb1d805b000 DEOPT PACKING pc=0x00007fb2464c7910 sp=0x00007fb231c1e180
Event: 37,986 Thread 0x00007fb1d805b000 DEOPT UNPACKING pc=0x00007fb244c19373 sp=0x00007fb231c1df80 mode 0
Event: 38,020 Thread 0x00007fb1d8058000 DEOPT PACKING pc=0x00007fb24643338b sp=0x00007fb231e201c0
Event: 38,020 Thread 0x00007fb1d8058000 DEOPT UNPACKING pc=0x00007fb244c19373 sp=0x00007fb231e1ffa0 mode 0
Event: 38,041 Thread 0x00007fb1d805c800 DEOPT PACKING pc=0x00007fb2464c7910 sp=0x00007fb231b1d180
Event: 38,041 Thread 0x00007fb1d805c800 DEOPT UNPACKING pc=0x00007fb244c19373 sp=0x00007fb231b1cf80 mode 0
Event: 38,048 Executing VM operation: ParallelGCFailedAllocation


Dynamic libraries:
00400000-00401000 r-xp 00000000 08:05 263653                             /usr/local/android/jre/bin/java
00600000-00601000 r--p 00000000 08:05 263653                             /usr/local/android/jre/bin/java
00601000-00602000 rw-p 00001000 08:05 263653                             /usr/local/android/jre/bin/java
023b1000-023d2000 rw-p 00000000 00:00 0                                  [heap]
a0000000-d3800000 rw-p 00000000 00:00 0 
e0000000-100000000 rw-p 00000000 00:00 0 
100000000-100740000 rw-p 00000000 00:00 0 
100740000-140000000 ---p 00000000 00:00 0 
7fb1bc000000-7fb1bc034000 rw-p 00000000 00:00 0 
7fb1bc034000-7fb1c0000000 ---p 00000000 00:00 0 
7fb1c4000000-7fb1c4031000 rw-p 00000000 00:00 0 
7fb1c4031000-7fb1c8000000 ---p 00000000 00:00 0 
7fb1c8000000-7fb1c8035000 rw-p 00000000 00:00 0 
7fb1c8035000-7fb1cc000000 ---p 00000000 00:00 0 
7fb1cc000000-7fb1cc024000 rw-p 00000000 00:00 0 
7fb1cc024000-7fb1d0000000 ---p 00000000 00:00 0 
7fb1d0000000-7fb1d0021000 rw-p 00000000 00:00 0 
7fb1d0021000-7fb1d4000000 ---p 00000000 00:00 0 
7fb1d4000000-7fb1d4021000 rw-p 00000000 00:00 0 
7fb1d4021000-7fb1d8000000 ---p 00000000 00:00 0 
7fb1d8000000-7fb1d823d000 rw-p 00000000 00:00 0 
7fb1d823d000-7fb1dc000000 ---p 00000000 00:00 0 
7fb1dc000000-7fb1dc021000 rw-p 00000000 00:00 0 
7fb1dc021000-7fb1e0000000 ---p 00000000 00:00 0 
7fb1e0000000-7fb1e0021000 rw-p 00000000 00:00 0 
7fb1e0021000-7fb1e4000000 ---p 00000000 00:00 0 
7fb1e4000000-7fb1e4021000 rw-p 00000000 00:00 0 
7fb1e4021000-7fb1e8000000 ---p 00000000 00:00 0 
7fb1e8000000-7fb1e8021000 rw-p 00000000 00:00 0 
7fb1e8021000-7fb1ec000000 ---p 00000000 00:00 0 
7fb1ec000000-7fb1ec021000 rw-p 00000000 00:00 0 
7fb1ec021000-7fb1f0000000 ---p 00000000 00:00 0 
7fb1f0000000-7fb1f11c4000 rw-p 00000000 00:00 0 
7fb1f11c4000-7fb1f4000000 ---p 00000000 00:00 0 
7fb1f4000000-7fb1f4288000 rw-p 00000000 00:00 0 
7fb1f4288000-7fb1f8000000 ---p 00000000 00:00 0 
7fb1f8000000-7fb1f8021000 rw-p 00000000 00:00 0 
7fb1f8021000-7fb1fc000000 ---p 00000000 00:00 0 
7fb1fc000000-7fb1fc071000 rw-p 00000000 00:00 0 
7fb1fc071000-7fb200000000 ---p 00000000 00:00 0 
7fb200000000-7fb200021000 rw-p 00000000 00:00 0 
7fb200021000-7fb204000000 ---p 00000000 00:00 0 
7fb204000000-7fb204021000 rw-p 00000000 00:00 0 
7fb204021000-7fb208000000 ---p 00000000 00:00 0 
7fb208000000-7fb208021000 rw-p 00000000 00:00 0 
7fb208021000-7fb20c000000 ---p 00000000 00:00 0 
7fb20c000000-7fb20e6b1000 rw-p 00000000 00:00 0 
7fb20e6b1000-7fb210000000 ---p 00000000 00:00 0 
7fb210000000-7fb210d64000 rw-p 00000000 00:00 0 
7fb210d64000-7fb214000000 ---p 00000000 00:00 0 
7fb214000000-7fb214021000 rw-p 00000000 00:00 0 
7fb214021000-7fb218000000 ---p 00000000 00:00 0 
7fb218000000-7fb21a5d9000 rw-p 00000000 00:00 0 
7fb21a5d9000-7fb21c000000 ---p 00000000 00:00 0 
7fb21c000000-7fb21c021000 rw-p 00000000 00:00 0 
7fb21c021000-7fb220000000 ---p 00000000 00:00 0 
7fb220000000-7fb220021000 rw-p 00000000 00:00 0 
7fb220021000-7fb224000000 ---p 00000000 00:00 0 
7fb224000000-7fb224115000 rw-p 00000000 00:00 0 
7fb224115000-7fb228000000 ---p 00000000 00:00 0 
7fb228000000-7fb228289000 rw-p 00000000 00:00 0 
7fb228289000-7fb22c000000 ---p 00000000 00:00 0 
7fb22c000000-7fb22c11e000 rw-p 00000000 00:00 0 
7fb22c11e000-7fb230000000 ---p 00000000 00:00 0 
7fb23171d000-7fb23181d000 rw-p 00000000 00:00 0 
7fb23181d000-7fb23191d000 ---p 00000000 00:00 0 
7fb23191d000-7fb231920000 ---p 00000000 00:00 0 
7fb231920000-7fb231a1e000 rw-p 00000000 00:00 0 
7fb231a1e000-7fb231a21000 ---p 00000000 00:00 0 
7fb231a21000-7fb231b1f000 rw-p 00000000 00:00 0 
7fb231b1f000-7fb231b22000 ---p 00000000 00:00 0 
7fb231b22000-7fb231c20000 rw-p 00000000 00:00 0 
7fb231c20000-7fb231c23000 ---p 00000000 00:00 0 
7fb231c23000-7fb231d21000 rw-p 00000000 00:00 0 
7fb231d21000-7fb231d24000 ---p 00000000 00:00 0 
7fb231d24000-7fb231e22000 rw-p 00000000 00:00 0 
7fb231e22000-7fb231ef4000 r--s 00a01000 08:05 4727150                    /home/blue/AndroidStudioProjects/Sigap/app/build/intermediates/transforms/jarMerging/debug/jars/1/1f/combined.jar
7fb231ef4000-7fb231ef7000 ---p 00000000 00:00 0 
7fb231ef7000-7fb2321f5000 rw-p 00000000 00:00 0 
7fb2321f5000-7fb2323f5000 rw-p 00000000 00:00 0 
7fb2323f5000-7fb2325f5000 rw-p 00000000 00:00 0 
7fb2325f5000-7fb2327f5000 rw-p 00000000 00:00 0 
7fb2327f5000-7fb2329f5000 rw-p 00000000 00:00 0 
7fb2329f5000-7fb232bf5000 rw-p 00000000 00:00 0 
7fb232bf5000-7fb232c08000 r--s 00344000 08:05 263676                     /usr/local/android/jre/jre/lib/resources.jar
7fb232c08000-7fb232e08000 rw-p 00000000 00:00 0 
7fb232e08000-7fb233008000 rw-p 00000000 00:00 0 
7fb233008000-7fb233208000 rw-p 00000000 00:00 0 
7fb233208000-7fb23320b000 ---p 00000000 00:00 0 
7fb23320b000-7fb233509000 rw-p 00000000 00:00 0 
7fb233509000-7fb233534000 r--s 001fc000 08:05 655497                     /usr/local/android/gradle/m2repository/com/google/guava/guava/18.0/guava-18.0.jar
7fb233534000-7fb233535000 r--s 00001000 08:05 655608                     /usr/local/android/gradle/m2repository/com/android/tools/annotations/25.2.2/annotations-25.2.2.jar
7fb233535000-7fb233547000 r--s 000b3000 08:05 655893                     /usr/local/android/gradle/m2repository/com/android/tools/external/com-intellij/uast/145.597.3/uast-145.597.3.jar
7fb233547000-7fb23354f000 r--s 000a8000 08:05 655886                     /usr/local/android/gradle/m2repository/com/android/tools/external/lombok/lombok-ast/0.2.3/lombok-ast-0.2.3.jar
7fb23354f000-7fb233551000 r--s 0000d000 08:05 656101                     /usr/local/android/gradle/m2repository/commons-codec/commons-codec/1.4/commons-codec-1.4.jar
7fb233551000-7fb233553000 r--s 0000d000 08:05 528041                     /usr/local/android/gradle/m2repository/commons-logging/commons-logging/1.1.1/commons-logging-1.1.1.jar
7fb233553000-7fb233558000 r--s 00028000 08:05 655385                     /usr/local/android/gradle/m2repository/org/apache/httpcomponents/httpcore/4.1/httpcore-4.1.jar
7fb233558000-7fb23355c000 r--s 0002f000 08:05 655527                     /usr/local/android/gradle/m2repository/com/google/jimfs/jimfs/1.1/jimfs-1.1.jar
7fb23355c000-7fb23355d000 r--s 00004000 08:05 655460                     /usr/local/android/gradle/m2repository/com/intellij/annotations/12.0/annotations-12.0.jar
7fb23355d000-7fb23355e000 r--s 00004000 08:05 528088                     /usr/local/android/gradle/m2repository/org/ow2/asm/asm-analysis/5.0.4/asm-analysis-5.0.4.jar
7fb23355e000-7fb233562000 r--s 0003b000 08:05 655999                     /usr/local/android/gradle/m2repository/com/android/tools/lint/lint-api/25.2.2/lint-api-25.2.2.jar
7fb233562000-7fb233564000 r--s 00005000 08:05 655376                     /usr/local/android/gradle/m2repository/org/apache/httpcomponents/httpmime/4.1/httpmime-4.1.jar
7fb233564000-7fb23356c000 r--s 0004e000 08:05 655396                     /usr/local/android/gradle/m2repository/org/apache/httpcomponents/httpclient/4.1.1/httpclient-4.1.1.jar
7fb23356c000-7fb233573000 r--s 00053000 08:05 655408                     /usr/local/android/gradle/m2repository/org/apache/commons/commons-compress/1.8.1/commons-compress-1.8.1.jar
7fb233573000-7fb233578000 r--s 0002a000 08:05 655515                     /usr/local/android/gradle/m2repository/com/google/code/gson/gson/2.2.4/gson-2.2.4.jar
7fb233578000-7fb23357d000 r--s 0002d000 08:05 655904                     /usr/local/android/gradle/m2repository/com/android/tools/repository/25.2.2/repository-25.2.2.jar
7fb23357d000-7fb233580000 r--s 00014000 08:05 655775                     /usr/local/android/gradle/m2repository/com/android/tools/layoutlib/layoutlib-api/25.2.2/layoutlib-api-25.2.2.jar
7fb233580000-7fb233585000 r--s 00058000 08:05 528063                     /usr/local/android/gradle/m2repository/org/ow2/asm/asm-debug-all/5.0.1/asm-debug-all-5.0.1.jar
7fb233585000-7fb233595000 r--s 000d6000 08:05 656077                     /usr/local/android/gradle/m2repository/net/sf/proguard/proguard-base/5.2.1/proguard-base-5.2.1.jar
7fb233595000-7fb233598000 r--s 00033000 08:05 655467                     /usr/local/android/gradle/m2repository/com/googlecode/juniversalchardet/juniversalchardet/1.0.3/juniversalchardet-1.0.3.jar
7fb233598000-7fb23359c000 r--s 0002a000 08:05 528034                     /usr/local/android/gradle/m2repository/commons-io/commons-io/2.4/commons-io-2.4.jar
7fb23359c000-7fb2335b3000 r--s 00154000 08:05 528202                     /usr/local/android/gradle/m2repository/org/antlr/antlr4/4.5.3/antlr4-4.5.3.jar
7fb2335b3000-7fb2335c6000 r--s 00236000 08:05 528147                     /usr/local/android/gradle/m2repository/org/eclipse/jdt/core/compiler/ecj/4.5.1/ecj-4.5.1.jar
7fb2335c6000-7fb2335cd000 r--s 000c3000 08:05 655956                     /usr/local/android/gradle/m2repository/com/android/tools/lint/lint-checks/25.2.2/lint-checks-25.2.2.jar
7fb2335cd000-7fb233600000 r--s 00203000 08:05 528209                     /usr/local/android/gradle/m2repository/org/bouncycastle/bcprov-jdk15on/1.48/bcprov-jdk15on-1.48.jar
7fb233600000-7fb233800000 rw-p 00000000 00:00 0 
7fb233800000-7fb233a00000 rw-p 00000000 00:00 0 
7fb233a00000-7fb233c00000 rw-p 00000000 00:00 0 
7fb233c00000-7fb233e00000 rw-p 00000000 00:00 0 
7fb233e00000-7fb234000000 rw-p 00000000 00:00 0 
7fb234000000-7fb23436c000 rw-p 00000000 00:00 0 
7fb23436c000-7fb238000000 ---p 00000000 00:00 0 
7fb238000000-7fb238001000 r--s 0000a000 08:05 656065                     /usr/local/android/gradle/m2repository/net/sf/kxml/kxml2/2.3.0/kxml2-2.3.0.jar
7fb238001000-7fb238002000 r--s 00005000 08:05 655861                     /usr/local/android/gradle/m2repository/com/android/tools/dvlib/25.2.2/dvlib-25.2.2.jar
7fb238002000-7fb238003000 r--s 00002000 08:05 655551                     /usr/local/android/gradle/m2repository/com/android/databinding/baseLibrary/2.2.2/baseLibrary-2.2.2.jar
7fb238003000-7fb238005000 r--s 00006000 08:05 528102                     /usr/local/android/gradle/m2repository/org/ow2/asm/asm-tree/5.0.4/asm-tree-5.0.4.jar
7fb238005000-7fb238013000 r--s 00081000 08:05 528214                     /usr/local/android/gradle/m2repository/org/bouncycastle/bcpkix-jdk15on/1.48/bcpkix-jdk15on-1.48.jar
7fb238013000-7fb238015000 r--s 00002000 08:05 655475                     /usr/local/android/gradle/m2repository/com/squareup/javawriter/2.5.0/javawriter-2.5.0.jar
7fb238015000-7fb238016000 r--s 00002000 08:05 655915                     /usr/local/android/gradle/m2repository/com/android/tools/analytics-library/tracker/25.2.2/tracker-25.2.2.jar
7fb238016000-7fb238018000 r--s 00003000 08:05 655934                     /usr/local/android/gradle/m2repository/com/android/tools/analytics-library/shared/25.2.2/shared-25.2.2.jar
7fb238018000-7fb238025000 r--s 000ed000 08:05 655924                     /usr/local/android/gradle/m2repository/com/android/tools/analytics-library/protos/25.2.2/protos-25.2.2.jar
7fb238025000-7fb238026000 r--s 00001000 08:05 655783                     /usr/local/android/gradle/m2repository/com/android/tools/jill/jill-api/0.10.0/jill-api-0.10.0.jar
7fb238026000-7fb238028000 r--s 00003000 08:05 656031                     /usr/local/android/gradle/m2repository/com/android/tools/jack/jack-api/0.11.0/jack-api-0.11.0.jar
7fb238028000-7fb23802d000 r--s 0004a000 08:05 655829                     /usr/local/android/gradle/m2repository/com/android/tools/ddms/ddmlib/25.2.2/ddmlib-25.2.2.jar
7fb23802d000-7fb238030000 r--s 00021000 08:05 655695                     /usr/local/android/gradle/m2repository/com/android/tools/build/manifest-merger/25.2.2/manifest-merger-25.2.2.jar
7fb238030000-7fb238032000 r--s 0001c000 08:05 656054                     /usr/local/android/gradle/m2repository/com/android/tools/common/25.2.2/common-25.2.2.jar
7fb238032000-7fb23803b000 r--s 00083000 08:05 655807                     /usr/local/android/gradle/m2repository/com/android/tools/sdk-common/25.2.2/sdk-common-25.2.2.jar
7fb23803b000-7fb238046000 r--s 0008e000 08:05 656019                     /usr/local/android/gradle/m2repository/com/android/tools/sdklib/25.2.2/sdklib-25.2.2.jar
7fb238046000-7fb238047000 r--s 00002000 08:05 655659                     /usr/local/android/gradle/m2repository/com/android/tools/build/builder-test-api/2.2.2/builder-test-api-2.2.2.jar
7fb238047000-7fb23804a000 r--s 00005000 08:05 655740                     /usr/local/android/gradle/m2repository/com/android/tools/build/builder-model/2.2.2/builder-model-2.2.2.jar
7fb23804a000-7fb238052000 r--s 0007b000 08:05 655507                     /usr/local/android/gradle/m2repository/com/google/protobuf/protobuf-java/2.5.0/protobuf-java-2.5.0.jar
7fb238052000-7fb238054000 r--s 0000f000 08:05 656059                     /usr/local/android/gradle/m2repository/net/sf/jopt-simple/jopt-simple/4.9/jopt-simple-4.9.jar
7fb238054000-7fb238058000 r--s 0001f000 08:05 655364                     /usr/local/android/gradle/m2repository/org/jacoco/org.jacoco.report/0.7.5.201505241946/org.jacoco.report-0.7.5.201505241946.jar
7fb238058000-7fb23805c000 r--s 0001d000 08:05 528230                     /usr/local/android/gradle/m2repository/org/jacoco/org.jacoco.core/0.7.5.201505241946/org.jacoco.core-0.7.5.201505241946.jar
7fb23805c000-7fb23805d000 r--s 00002000 08:05 656093                     /usr/local/android/gradle/m2repository/net/sf/proguard/proguard-gradle/5.2.1/proguard-gradle-5.2.1.jar
7fb23805d000-7fb23805f000 r--s 00009000 08:05 528111                     /usr/local/android/gradle/m2repository/org/ow2/asm/asm-commons/5.0.4/asm-commons-5.0.4.jar
7fb23805f000-7fb238061000 r--s 0000c000 08:05 528134                     /usr/local/android/gradle/m2repository/org/ow2/asm/asm/5.0.4/asm-5.0.4.jar
7fb238061000-7fb238065000 r--s 0002b000 08:05 655584                     /usr/local/android/gradle/m2repository/com/android/databinding/compilerCommon/2.2.2/compilerCommon-2.2.2.jar
7fb238065000-7fb238066000 r--s 00002000 08:05 655677                     /usr/local/android/gradle/m2repository/com/android/tools/build/gradle-api/2.2.2/gradle-api-2.2.2.jar
7fb238066000-7fb238067000 r--s 00000000 08:05 655718                     /usr/local/android/gradle/m2repository/com/android/tools/build/transform-api/2.0.0-deprecated-use-gradle-api/transform-api-2.0.0-deprecated-use-gradle-api.jar
7fb238067000-7fb23806c000 r--s 00053000 08:05 655978                     /usr/local/android/gradle/m2repository/com/android/tools/lint/lint/25.2.2/lint-25.2.2.jar
7fb23806c000-7fb238083000 r--s 0015d000 08:05 655642                     /usr/local/android/gradle/m2repository/com/android/tools/build/builder/2.2.2/builder-2.2.2.jar
7fb238083000-7fb23809f000 r--s 0019d000 08:05 655715                     /usr/local/android/gradle/m2repository/com/android/tools/build/gradle-core/2.2.2/gradle-core-2.2.2.jar
7fb23809f000-7fb2380a0000 r--s 00006000 08:05 2106513                    /home/blue/.gradle/caches/modules-2/files-2.1/com.google.gms/google-services/3.0.0/ee538ce9cf4148485e43017c5542202b8c78ff8e/google-services-3.0.0.jar
7fb2380a0000-7fb2380a2000 r--s 0000d000 08:05 655756                     /usr/local/android/gradle/m2repository/com/android/tools/build/gradle/2.2.2/gradle-2.2.2.jar
7fb2380a2000-7fb2380a5000 ---p 00000000 00:00 0 
7fb2380a5000-7fb2381a3000 rw-p 00000000 00:00 0 
7fb2381a3000-7fb2381a6000 ---p 00000000 00:00 0 
7fb2381a6000-7fb2381dc000 rw-p 00000000 00:00 0 
7fb2381dc000-7fb2381dd000 r--p 00000000 00:00 0 
7fb2381dd000-7fb2383dd000 rw-p 00000000 00:00 0 
7fb2383dd000-7fb2385dd000 rw-p 00000000 00:00 0 
7fb2385dd000-7fb2387dd000 rw-p 00000000 00:00 0 
7fb2387dd000-7fb238855000 r--s 010eb000 08:05 263618                     /usr/local/android/jre/lib/tools.jar
7fb238855000-7fb238858000 ---p 00000000 00:00 0 
7fb238858000-7fb238956000 rw-p 00000000 00:00 0 
7fb238956000-7fb238959000 ---p 00000000 00:00 0 
7fb238959000-7fb238a57000 rw-p 00000000 00:00 0 
7fb238a57000-7fb238a5a000 ---p 00000000 00:00 0 
7fb238a5a000-7fb238b58000 rw-p 00000000 00:00 0 
7fb238b58000-7fb238b5b000 ---p 00000000 00:00 0 
7fb238b5b000-7fb238c59000 rw-p 00000000 00:00 0 
7fb238c59000-7fb238c5c000 ---p 00000000 00:00 0 
7fb238c5c000-7fb238d5a000 rw-p 00000000 00:00 0 
7fb238d5a000-7fb238d5d000 ---p 00000000 00:00 0 
7fb238d5d000-7fb238e5b000 rw-p 00000000 00:00 0 
7fb238e5b000-7fb238e5e000 ---p 00000000 00:00 0 
7fb238e5e000-7fb23915c000 rw-p 00000000 00:00 0 
7fb23915c000-7fb239163000 r--s 00000000 08:05 2760721                    /usr/lib/x86_64-linux-gnu/gconv/gconv-modules.cache
7fb239163000-7fb239166000 ---p 00000000 00:00 0 
7fb239166000-7fb239264000 rw-p 00000000 00:00 0 
7fb239264000-7fb23926d000 r-xp 00000000 08:05 263754                     /usr/local/android/jre/jre/lib/amd64/libmanagement.so
7fb23926d000-7fb23946c000 ---p 00009000 08:05 263754                     /usr/local/android/jre/jre/lib/amd64/libmanagement.so
7fb23946c000-7fb23946d000 r--p 00008000 08:05 263754                     /usr/local/android/jre/jre/lib/amd64/libmanagement.so
7fb23946d000-7fb23946e000 rw-p 00009000 08:05 263754                     /usr/local/android/jre/jre/lib/amd64/libmanagement.so
7fb23946e000-7fb239472000 r--s 00097000 08:05 263728                     /usr/local/android/jre/jre/lib/jsse.jar
7fb239472000-7fb239474000 r--s 00007000 08:05 527897                     /usr/local/android/gradle/gradle-2.14.1/lib/plugins/gradle-tooling-api-builders-2.14.1.jar
7fb239474000-7fb239477000 r--s 00008000 08:05 527891                     /usr/local/android/gradle/gradle-2.14.1/lib/plugins/gradle-testing-native-2.14.1.jar
7fb239477000-7fb239479000 r--s 00009000 08:05 527972                     /usr/local/android/gradle/gradle-2.14.1/lib/plugins/hamcrest-core-1.3.jar
7fb239479000-7fb23947f000 r--s 00033000 08:05 527902                     /usr/local/android/gradle/gradle-2.14.1/lib/plugins/snakeyaml-1.6.jar
7fb23947f000-7fb239481000 r--s 00006000 08:05 527923                     /usr/local/android/gradle/gradle-2.14.1/lib/plugins/jcommander-1.12.jar
7fb239481000-7fb239486000 r--s 00040000 08:05 527900                     /usr/local/android/gradle/gradle-2.14.1/lib/plugins/bsh-2.0b4.jar
7fb239486000-7fb23948f000 r--s 00089000 08:05 527926                     /usr/local/android/gradle/gradle-2.14.1/lib/plugins/testng-6.3.1.jar
7fb23948f000-7fb239497000 r--s 00045000 08:05 527931                     /usr/local/android/gradle/gradle-2.14.1/lib/plugins/junit-4.12.jar
7fb239497000-7fb23949d000 r--s 0002e000 08:05 527907                     /usr/local/android/gradle/gradle-2.14.1/lib/plugins/gradle-testing-jvm-2.14.1.jar
7fb23949d000-7fb2394a2000 r--s 00015000 08:05 527916                     /usr/local/android/gradle/gradle-2.14.1/lib/plugins/gradle-testing-base-2.14.1.jar
7fb2394a2000-7fb2394a3000 r--s 00002000 08:05 527929                     /usr/local/android/gradle/gradle-2.14.1/lib/plugins/sonar-batch-bootstrapper-2.9.jar
7fb2394a3000-7fb2394a6000 r--s 00015000 08:05 527906                     /usr/local/android/gradle/gradle-2.14.1/lib/plugins/gradle-sonar-2.14.1.jar
7fb2394a6000-7fb2394ad000 r--s 00038000 08:05 527947                     /usr/local/android/gradle/gradle-2.14.1/lib/plugins/bcpg-jdk15on-1.51.jar
7fb2394ad000-7fb2394af000 r--s 0000d000 08:05 527953                     /usr/local/android/gradle/gradle-2.14.1/lib/plugins/gradle-signing-2.14.1.jar
7fb2394af000-7fb2394b2000 r--s 00009000 08:05 527936                     /usr/local/android/gradle/gradle-2.14.1/lib/plugins/gradle-scala-2.14.1.jar
7fb2394b2000-7fb2394b3000 r--s 00004000 08:05 527960                     /usr/local/android/gradle/gradle-2.14.1/lib/plugins/gradle-resources-sftp-2.14.1.jar
7fb2394b3000-7fb2394c3000 r--s 00088000 08:05 527913                     /usr/local/android/gradle/gradle-2.14.1/lib/plugins/joda-time-2.8.2.jar
7fb2394c3000-7fb2394d4000 r--s 000cf000 08:05 527979                     /usr/local/android/gradle/gradle-2.14.1/lib/plugins/jackson-databind-2.3.2.jar
7fb2394d4000-7fb2394d6000 r--s 00007000 08:05 527942                     /usr/local/android/gradle/gradle-2.14.1/lib/plugins/jackson-annotations-2.3.2.jar
7fb2394d6000-7fb2394d9000 r--s 0002e000 08:05 527949                     /usr/local/android/gradle/gradle-2.14.1/lib/plugins/jackson-core-2.3.2.jar
7fb2394d9000-7fb2394e4000 r--s 0006b000 08:05 527996                     /usr/local/android/gradle/gradle-2.14.1/lib/plugins/aws-java-sdk-core-1.9.19.jar
7fb2394e4000-7fb2394ea000 r--s 00036000 08:05 527941                     /usr/local/android/gradle/gradle-2.14.1/lib/plugins/aws-java-sdk-kms-1.9.19.jar
7fb2394ea000-7fb2394f5000 r--s 00079000 08:05 527928                     /usr/local/android/gradle/gradle-2.14.1/lib/plugins/aws-java-sdk-s3-1.9.19.jar
7fb2394f5000-7fb2394f6000 r--s 00003000 08:05 527975                     /usr/local/android/gradle/gradle-2.14.1/lib/plugins/gradle-resources-s3-2.14.1.jar
7fb2394f6000-7fb2394f8000 r--s 00005000 08:05 527970                     /usr/local/android/gradle/gradle-2.14.1/lib/plugins/jatl-0.2.2.jar
7fb2394f8000-7fb2394fa000 r--s 0000f000 08:05 527987                     /usr/local/android/gradle/gradle-2.14.1/lib/plugins/gradle-reporting-2.14.1.jar
7fb2394fa000-7fb2394fc000 r--s 00002000 08:05 527946                     /usr/local/android/gradle/gradle-2.14.1/lib/plugins/gradle-publish-2.14.1.jar
7fb2394fc000-7fb2394fe000 r--s 00009000 08:05 527919                     /usr/local/android/gradle/gradle-2.14.1/lib/plugins/commons-cli-1.2.jar
7fb2394fe000-7fb239504000 r--s 00033000 08:05 527930                     /usr/local/android/gradle/gradle-2.14.1/lib/plugins/gradle-plugins-2.14.1.jar
7fb239504000-7fb239506000 r--s 00007000 08:05 527894                     /usr/local/android/gradle/gradle-2.14.1/lib/plugins/gradle-plugin-development-2.14.1.jar
7fb239506000-7fb23950c000 r--s 0002a000 08:05 527952                     /usr/local/android/gradle/gradle-2.14.1/lib/plugins/gradle-platform-play-2.14.1.jar
7fb23950c000-7fb239519000 r--s 0004d000 08:05 527951                     /usr/local/android/gradle/gradle-2.14.1/lib/plugins/gradle-platform-native-2.14.1.jar
7fb239519000-7fb23951d000 r--s 0001a000 08:05 527973                     /usr/local/android/gradle/gradle-2.14.1/lib/plugins/gradle-platform-jvm-2.14.1.jar
7fb23951d000-7fb239524000 r--s 00029000 08:05 527922                     /usr/local/android/gradle/gradle-2.14.1/lib/plugins/gradle-platform-base-2.14.1.jar
7fb239524000-7fb239545000 r--s 001c3000 08:05 527898                     /usr/local/android/gradle/gradle-2.14.1/lib/plugins/bndlib-2.4.0.jar
7fb239545000-7fb239547000 r--s 00003000 08:05 527978                     /usr/local/android/gradle/gradle-2.14.1/lib/plugins/gradle-osgi-2.14.1.jar
7fb239547000-7fb23954a000 r--s 0000c000 08:05 527982                     /usr/local/android/gradle/gradle-2.14.1/lib/plugins/pmaven-groovy-0.8-20100325.jar
7fb23954a000-7fb23954b000 r--s 00004000 08:05 527968                     /usr/local/android/gradle/gradle-2.14.1/lib/plugins/pmaven-common-0.8-20100325.jar
7fb23954b000-7fb239551000 r--s 00022000 08:05 527921                     /usr/local/android/gradle/gradle-2.14.1/lib/plugins/gradle-maven-2.14.1.jar
7fb239551000-7fb239553000 r--s 0000a000 08:05 527903                     /usr/local/android/gradle/gradle-2.14.1/lib/plugins/gradle-language-scala-2.14.1.jar
7fb239553000-7fb239559000 r--s 0001a000 08:05 527908                     /usr/local/android/gradle/gradle-2.14.1/lib/plugins/gradle-language-native-2.14.1.jar
7fb239559000-7fb23955b000 r--s 00008000 08:05 527896                     /usr/local/android/gradle/gradle-2.14.1/lib/plugins/gradle-language-jvm-2.14.1.jar
7fb23955b000-7fb239561000 r--s 00024000 08:05 527969                     /usr/local/android/gradle/gradle-2.14.1/lib/plugins/gradle-language-java-2.14.1.jar
7fb239561000-7fb239563000 r--s 0000a000 08:05 527950                     /usr/local/android/gradle/gradle-2.14.1/lib/plugins/gradle-language-groovy-2.14.1.jar
7fb239563000-7fb239566000 r--s 0001e000 08:05 527890                     /usr/local/android/gradle/gradle-2.14.1/lib/plugins/jsp-api-2.1-6.1.14.jar
7fb239566000-7fb239589000 r--s 00344000 08:05 527943                     /usr/local/android/gradle/gradle-2.14.1/lib/plugins/core-3.1.1.jar
7fb239589000-7fb23958a000 r--s 00006000 08:05 527980                     /usr/local/android/gradle/gradle-2.14.1/lib/plugins/jetty-naming-6.1.25.jar
7fb23958a000-7fb23958b000 r--s 00002000 08:05 527938                     /usr/local/android/gradle/gradle-2.14.1/lib/plugins/geronimo-annotation_1.0_spec-1.0.jar
7fb23958b000-7fb23958d000 r--s 00002000 08:05 527976                     /usr/local/android/gradle/gradle-2.14.1/lib/plugins/jetty-annotations-6.1.25.jar
7fb23958d000-7fb23959e000 r--s 000ea000 08:05 527989                     /usr/local/android/gradle/gradle-2.14.1/lib/plugins/jsp-2.1-6.1.14.jar
7fb23959e000-7fb2395a0000 r--s 0000d000 08:05 527944                     /usr/local/android/gradle/gradle-2.14.1/lib/plugins/jetty-plus-6.1.25.jar
7fb2395a0000-7fb2395a2000 r--s 0001f000 08:05 528003                     /usr/local/android/gradle/gradle-2.14.1/lib/plugins/servlet-api-2.5-20081211.jar
7fb2395a2000-7fb2395a6000 r--s 00028000 08:05 527924                     /usr/local/android/gradle/gradle-2.14.1/lib/plugins/jetty-util-6.1.25.jar
7fb2395a6000-7fb2395ad000 r--s 0007d000 08:05 527932                     /usr/local/android/gradle/gradle-2.14.1/lib/plugins/jetty-6.1.25.jar
7fb2395ad000-7fb2395af000 r--s 00009000 08:05 527985                     /usr/local/android/gradle/gradle-2.14.1/lib/plugins/gradle-jetty-2.14.1.jar
7fb2395af000-7fb2395b6000 r--s 00035000 08:05 527999                     /usr/local/android/gradle/gradle-2.14.1/lib/plugins/simple-4.1.21.jar
7fb2395b6000-7fb2395c2000 r--s 00100000 08:05 527914                     /usr/local/android/gradle/gradle-2.14.1/lib/plugins/rhino-1.7R3.jar
7fb2395c2000-7fb2395c6000 r--s 00011000 08:05 527967                     /usr/local/android/gradle/gradle-2.14.1/lib/plugins/gradle-javascript-2.14.1.jar
7fb2395c6000-7fb2395c8000 r--s 0000c000 08:05 528001                     /usr/local/android/gradle/gradle-2.14.1/lib/plugins/gradle-jacoco-2.14.1.jar
7fb2395c8000-7fb2395cb000 r--s 0000e000 08:05 527998                     /usr/local/android/gradle/gradle-2.14.1/lib/plugins/gradle-ivy-2.14.1.jar
7fb2395cb000-7fb2395cc000 r--s 00002000 08:05 527990                     /usr/local/android/gradle/gradle-2.14.1/lib/plugins/gradle-ide-play-2.14.1.jar
7fb2395cc000-7fb2395d1000 r--s 0002b000 08:05 527986                     /usr/local/android/gradle/gradle-2.14.1/lib/plugins/gradle-ide-native-2.14.1.jar
7fb2395d1000-7fb2395dc000 r--s 00066000 08:05 527904                     /usr/local/android/gradle/gradle-2.14.1/lib/plugins/gradle-ide-2.14.1.jar
7fb2395dc000-7fb2395dd000 r--s 00008000 08:05 527901                     /usr/local/android/gradle/gradle-2.14.1/lib/plugins/gradle-ear-2.14.1.jar
7fb2395dd000-7fb2395e3000 r--s 00032000 08:05 527912                     /usr/local/android/gradle/gradle-2.14.1/lib/plugins/gradle-diagnostics-2.14.1.jar
7fb2395e3000-7fb2395e7000 r--s 00021000 08:05 527988                     /usr/local/android/gradle/gradle-2.14.1/lib/plugins/gradle-code-quality-2.14.1.jar
7fb2395e7000-7fb2395eb000 r--s 0001f000 08:05 527911                     /usr/local/android/gradle/gradle-2.14.1/lib/plugins/gradle-build-init-2.14.1.jar
7fb2395eb000-7fb2395f2000 r--s 0008e000 08:05 527995                     /usr/local/android/gradle/gradle-2.14.1/lib/plugins/gradle-build-comparison-2.14.1.jar
7fb2395f2000-7fb2395f4000 r--s 00008000 08:05 527971                     /usr/local/android/gradle/gradle-2.14.1/lib/plugins/gradle-antlr-2.14.1.jar
7fb2395f4000-7fb2395f6000 r--s 00004000 08:05 527997                     /usr/local/android/gradle/gradle-2.14.1/lib/plugins/gradle-announce-2.14.1.jar
7fb2395f6000-7fb23960e000 r--s 00115000 08:05 527935                     /usr/local/android/gradle/gradle-2.14.1/lib/plugins/xercesImpl-2.9.1.jar
7fb23960e000-7fb239616000 r--s 00028000 08:05 527963                     /usr/local/android/gradle/gradle-2.14.1/lib/plugins/xml-apis-1.3.04.jar
7fb239616000-7fb23961c000 r--s 0005b000 08:05 527954                     /usr/local/android/gradle/gradle-2.14.1/lib/plugins/jcifs-1.3.17.jar
7fb23961c000-7fb239623000 r--s 00049000 08:05 527965                     /usr/local/android/gradle/gradle-2.14.1/lib/plugins/httpcore-4.4.4.jar
7fb239623000-7fb239629000 r--s 00033000 08:05 527910                     /usr/local/android/gradle/gradle-2.14.1/lib/plugins/commons-codec-1.6.jar
7fb239629000-7fb23962c000 r--s 0001c000 08:05 527905                     /usr/local/android/gradle/gradle-2.14.1/lib/plugins/nekohtml-1.9.14.jar
7fb23962c000-7fb239639000 r--s 000a4000 08:05 527983                     /usr/local/android/gradle/gradle-2.14.1/lib/plugins/httpclient-4.4.1.jar
7fb239639000-7fb23963b000 r--s 0000a000 08:05 527892                     /usr/local/android/gradle/gradle-2.14.1/lib/plugins/gradle-resources-http-2.14.1.jar
7fb23963b000-7fb23963f000 r--s 00014000 08:05 527957                     /usr/local/android/gradle/gradle-2.14.1/lib/plugins/gradle-plugin-use-2.14.1.jar
7fb23963f000-7fb239640000 r--s 00000000 08:05 527848                     /usr/local/android/gradle/gradle-2.14.1/lib/gradle-installation-beacon-2.14.1.jar
7fb239640000-7fb239641000 r--s 00007000 08:05 527920                     /usr/local/android/gradle/gradle-2.14.1/lib/plugins/wagon-http-shared4-2.4.jar
7fb239641000-7fb239645000 r--s 00033000 08:05 527974                     /usr/local/android/gradle/gradle-2.14.1/lib/plugins/plexus-utils-2.0.6.jar
7fb239645000-7fb239649000 r--s 00021000 08:05 527956                     /usr/local/android/gradle/gradle-2.14.1/lib/plugins/maven-model-builder-3.0.4.jar
7fb239649000-7fb23964a000 r--s 00002000 08:05 527909                     /usr/local/android/gradle/gradle-2.14.1/lib/plugins/wagon-file-2.4.jar
7fb23964a000-7fb23964c000 r--s 00002000 08:05 527966                     /usr/local/android/gradle/gradle-2.14.1/lib/plugins/plexus-cipher-1.7.jar
7fb23964c000-7fb23964f000 r--s 00013000 08:05 528002                     /usr/local/android/gradle/gradle-2.14.1/lib/plugins/aether-api-1.13.1.jar
7fb23964f000-7fb239651000 r--s 0000a000 08:05 527925                     /usr/local/android/gradle/gradle-2.14.1/lib/plugins/maven-settings-3.0.4.jar
7fb239651000-7fb239653000 r--s 0000d000 08:05 527958                     /usr/local/android/gradle/gradle-2.14.1/lib/plugins/plexus-interpolation-1.14.jar
7fb239653000-7fb239655000 r--s 0000b000 08:05 527981                     /usr/local/android/gradle/gradle-2.14.1/lib/plugins/maven-artifact-3.0.4.jar
7fb239655000-7fb23965c000 r--s 0002e000 08:05 527917                     /usr/local/android/gradle/gradle-2.14.1/lib/plugins/plexus-container-default-1.5.5.jar
7fb23965c000-7fb23965e000 r--s 0000b000 08:05 527945                     /usr/local/android/gradle/gradle-2.14.1/lib/plugins/maven-plugin-api-3.0.4.jar
7fb23965e000-7fb239660000 r--s 00000000 08:05 527948                     /usr/local/android/gradle/gradle-2.14.1/lib/plugins/plexus-component-annotations-1.5.5.jar
7fb239660000-7fb239666000 r--s 0003f000 08:05 527959                     /usr/local/android/gradle/gradle-2.14.1/lib/plugins/maven-compat-3.0.4.jar
7fb239666000-7fb239669000 r--s 00008000 08:05 527933                     /usr/local/android/gradle/gradle-2.14.1/lib/plugins/maven-settings-builder-3.0.4.jar
7fb239669000-7fb23966a000 r--s 00002000 08:05 527889                     /usr/local/android/gradle/gradle-2.14.1/lib/plugins/wagon-http-2.4.jar
7fb23966a000-7fb23966c000 r--s 00026000 08:05 528000                     /usr/local/android/gradle/gradle-2.14.1/lib/plugins/maven-model-3.0.4.jar
7fb23966c000-7fb23966e000 r--s 00006000 08:05 527977                     /usr/local/android/gradle/gradle-2.14.1/lib/plugins/aether-connector-wagon-1.13.1.jar
7fb23966e000-7fb239670000 r--s 0000a000 08:05 527918                     /usr/local/android/gradle/gradle-2.14.1/lib/plugins/plexus-classworlds-2.4.jar
7fb239670000-7fb239672000 r--s 00006000 08:05 527961                     /usr/local/android/gradle/gradle-2.14.1/lib/plugins/maven-repository-metadata-3.0.4.jar
7fb239672000-7fb239674000 r--s 0000c000 08:05 527937                     /usr/local/android/gradle/gradle-2.14.1/lib/plugins/maven-aether-provider-3.0.4.jar
7fb239674000-7fb239676000 r--s 0000b000 08:05 527927                     /usr/local/android/gradle/gradle-2.14.1/lib/plugins/wagon-provider-api-2.4.jar
7fb239676000-7fb239677000 r--s 00003000 08:05 527893                     /usr/local/android/gradle/gradle-2.14.1/lib/plugins/aether-spi-1.13.1.jar
7fb239677000-7fb23967b000 r--s 0001c000 08:05 527991                     /usr/local/android/gradle/gradle-2.14.1/lib/plugins/aether-util-1.13.1.jar
7fb23967b000-7fb23967e000 r--s 0001d000 08:05 527955                     /usr/local/android/gradle/gradle-2.14.1/lib/plugins/aether-impl-1.13.1.jar
7fb23967e000-7fb239683000 r--s 00040000 08:05 527895                     /usr/local/android/gradle/gradle-2.14.1/lib/plugins/jsch-0.1.53.jar
7fb239683000-7fb2396c3000 r--s 00277000 08:05 527899                     /usr/local/android/gradle/gradle-2.14.1/lib/plugins/bcprov-jdk15on-1.51.jar
7fb2396c3000-7fb2396cf000 r--s 0007d000 08:05 527964                     /usr/local/android/gradle/gradle-2.14.1/lib/plugins/maven-core-3.0.4.jar
7fb2396cf000-7fb2396eb000 r--s 000d3000 08:05 527939                     /usr/local/android/gradle/gradle-2.14.1/lib/plugins/gradle-dependency-management-2.14.1.jar
7fb2396eb000-7fb239701000 r-xp 00000000 08:05 3412511                    /lib/x86_64-linux-gnu/libgcc_s.so.1
7fb239701000-7fb239900000 ---p 00016000 08:05 3412511                    /lib/x86_64-linux-gnu/libgcc_s.so.1
7fb239900000-7fb239901000 rw-p 00015000 08:05 3412511                    /lib/x86_64-linux-gnu/libgcc_s.so.1
7fb239901000-7fb239a73000 r-xp 00000000 08:05 2492412                    /usr/lib/x86_64-linux-gnu/libstdc++.so.6.0.21
7fb239a73000-7fb239c73000 ---p 00172000 08:05 2492412                    /usr/lib/x86_64-linux-gnu/libstdc++.so.6.0.21
7fb239c73000-7fb239c7d000 r--p 00172000 08:05 2492412                    /usr/lib/x86_64-linux-gnu/libstdc++.so.6.0.21
7fb239c7d000-7fb239c7f000 rw-p 0017c000 08:05 2492412                    /usr/lib/x86_64-linux-gnu/libstdc++.so.6.0.21
7fb239c7f000-7fb239c83000 rw-p 00000000 00:00 0 
7fb239c83000-7fb239c84000 r--s 00006000 08:05 527962                     /usr/local/android/gradle/gradle-2.14.1/lib/plugins/plexus-sec-dispatcher-1.3.jar
7fb239c84000-7fb239c88000 r--s 0001d000 08:05 527940                     /usr/local/android/gradle/gradle-2.14.1/lib/plugins/xbean-reflect-3.4.jar
7fb239c88000-7fb239c8d000 r--s 0002a000 08:05 527934                     /usr/local/android/gradle/gradle-2.14.1/lib/plugins/gson-2.2.4.jar
7fb239c8d000-7fb239c9c000 r--s 000d9000 08:05 527915                     /usr/local/android/gradle/gradle-2.14.1/lib/plugins/ivy-2.2.0.jar
7fb239c9c000-7fb239ca0000 r-xp 00000000 08:05 1182426                    /home/blue/.gradle/native/19/linux-amd64/libnative-platform.so
7fb239ca0000-7fb239e9f000 ---p 00004000 08:05 1182426                    /home/blue/.gradle/native/19/linux-amd64/libnative-platform.so
7fb239e9f000-7fb239ea0000 rw-p 00003000 08:05 1182426                    /home/blue/.gradle/native/19/linux-amd64/libnative-platform.so
7fb239ea0000-7fb239eb1000 r-xp 00000000 08:05 263742                     /usr/local/android/jre/jre/lib/amd64/libnio.so
7fb239eb1000-7fb23a0b0000 ---p 00011000 08:05 263742                     /usr/local/android/jre/jre/lib/amd64/libnio.so
7fb23a0b0000-7fb23a0b1000 r--p 00010000 08:05 263742                     /usr/local/android/jre/jre/lib/amd64/libnio.so
7fb23a0b1000-7fb23a0b2000 rw-p 00011000 08:05 263742                     /usr/local/android/jre/jre/lib/amd64/libnio.so
7fb23a0b2000-7fb23a3b3000 rw-p 00000000 00:00 0 
7fb23a3b3000-7fb23a3ca000 r-xp 00000000 08:05 263740                     /usr/local/android/jre/jre/lib/amd64/libnet.so
7fb23a3ca000-7fb23a5c9000 ---p 00017000 08:05 263740                     /usr/local/android/jre/jre/lib/amd64/libnet.so
7fb23a5c9000-7fb23a5ca000 r--p 00016000 08:05 263740                     /usr/local/android/jre/jre/lib/amd64/libnet.so
7fb23a5ca000-7fb23a5cb000 rw-p 00017000 08:05 263740                     /usr/local/android/jre/jre/lib/amd64/libnet.so
7fb23a5cb000-7fb23a5cd000 r--s 00005000 08:05 527858                     /usr/local/android/gradle/gradle-2.14.1/lib/gradle-wrapper-2.14.1.jar
7fb23a5cd000-7fb23a5db000 r--s 0004f000 08:05 527843                     /usr/local/android/gradle/gradle-2.14.1/lib/gradle-tooling-api-2.14.1.jar
7fb23a5db000-7fb23a5dd000 r--s 00002000 08:05 527847                     /usr/local/android/gradle/gradle-2.14.1/lib/gradle-open-api-2.14.1.jar
7fb23a5dd000-7fb23a5e3000 r--s 00032000 08:05 527881                     /usr/local/android/gradle/gradle-2.14.1/lib/jaxen-1.1.jar
7fb23a5e3000-7fb23a5e8000 r--s 00048000 08:05 527846                     /usr/local/android/gradle/gradle-2.14.1/lib/dom4j-1.6.1.jar
7fb23a5e8000-7fb23a5f3000 r--s 00059000 08:05 527875                     /usr/local/android/gradle/gradle-2.14.1/lib/gradle-ui-2.14.1.jar
7fb23a5f3000-7fb23a5f6000 r--s 0000b000 08:05 528004                     /usr/local/android/gradle/gradle-2.14.1/lib/gradle-resources-2.14.1.jar
7fb23a5f6000-7fb23a5f8000 r--s 00003000 08:05 527884                     /usr/local/android/gradle/gradle-2.14.1/lib/jcl-over-slf4j-1.7.10.jar
7fb23a5f8000-7fb23a5f9000 r--s 00005000 08:05 527878                     /usr/local/android/gradle/gradle-2.14.1/lib/log4j-over-slf4j-1.7.10.jar
7fb23a5f9000-7fb23a5fb000 r--s 00000000 08:05 528005                     /usr/local/android/gradle/gradle-2.14.1/lib/jul-to-slf4j-1.7.10.jar
7fb23a5fb000-7fb23a600000 r--s 0001c000 08:05 527856                     /usr/local/android/gradle/gradle-2.14.1/lib/gradle-logging-2.14.1.jar
7fb23a600000-7fb23a602000 r--s 00007000 08:05 527887                     /usr/local/android/gradle/gradle-2.14.1/lib/objenesis-1.2.jar
7fb23a602000-7fb23a604000 r--s 00000000 08:05 527851                     /usr/local/android/gradle/gradle-2.14.1/lib/minlog-1.2.jar
7fb23a604000-7fb23a606000 r--s 0000f000 08:05 527862                     /usr/local/android/gradle/gradle-2.14.1/lib/reflectasm-1.07-shaded.jar
7fb23a606000-7fb23a60a000 r--s 00026000 08:05 527876                     /usr/local/android/gradle/gradle-2.14.1/lib/kryo-2.20.jar
7fb23a60a000-7fb23a610000 r--s 00025000 08:05 527845                     /usr/local/android/gradle/gradle-2.14.1/lib/gradle-messaging-2.14.1.jar
7fb23a610000-7fb23a611000 r--s 00003000 08:05 527883                     /usr/local/android/gradle/gradle-2.14.1/lib/native-platform-freebsd-amd64-0.10.jar
7fb23a611000-7fb23a612000 r--s 00003000 08:05 527865                     /usr/local/android/gradle/gradle-2.14.1/lib/native-platform-freebsd-i386-0.10.jar
7fb23a612000-7fb23a613000 r--s 00005000 08:05 527853                     /usr/local/android/gradle/gradle-2.14.1/lib/native-platform-windows-i386-0.10.jar
7fb23a613000-7fb23a614000 r--s 00005000 08:05 527852                     /usr/local/android/gradle/gradle-2.14.1/lib/native-platform-windows-amd64-0.10.jar
7fb23a614000-7fb23a615000 r--s 00003000 08:05 527866                     /usr/local/android/gradle/gradle-2.14.1/lib/native-platform-linux-i386-0.10.jar
7fb23a615000-7fb23a624000 r--s 00080000 08:05 527871                     /usr/local/android/gradle/gradle-2.14.1/lib/gradle-model-core-2.14.1.jar
7fb23a624000-7fb23a693000 r--s 0063e000 08:05 528008                     /usr/local/android/gradle/gradle-2.14.1/lib/groovy-all-2.4.4.jar
7fb23a693000-7fb23a6bb000 r--s 001cf000 08:05 527859                     /usr/local/android/gradle/gradle-2.14.1/lib/guava-jdk5-17.0.jar
7fb23a6bb000-7fb23a6da000 r--s 001d1000 08:05 527857                     /usr/local/android/gradle/gradle-2.14.1/lib/ant-1.9.6.jar
7fb23a6da000-7fb23a711000 r--s 001bd000 08:05 527860                     /usr/local/android/gradle/gradle-2.14.1/lib/gradle-core-2.14.1.jar
7fb23a711000-7fb23a712000 ---p 00000000 00:00 0 
7fb23a712000-7fb23a812000 rw-p 00000000 00:00 0 
7fb23a812000-7fb23a815000 ---p 00000000 00:00 0 
7fb23a815000-7fb23a913000 rw-p 00000000 00:00 0 
7fb23a913000-7fb23a916000 ---p 00000000 00:00 0 
7fb23a916000-7fb23aa14000 rw-p 00000000 00:00 0 
7fb23aa14000-7fb23aa17000 ---p 00000000 00:00 0 
7fb23aa17000-7fb23ab15000 rw-p 00000000 00:00 0 
7fb23ab15000-7fb23ab18000 ---p 00000000 00:00 0 
7fb23ab18000-7fb23ac16000 rw-p 00000000 00:00 0 
7fb23ac16000-7fb23ac19000 ---p 00000000 00:00 0 
7fb23ac19000-7fb23ad17000 rw-p 00000000 00:00 0 
7fb23ad17000-7fb23aff0000 r--p 00000000 08:05 2491696                    /usr/lib/locale/locale-archive
7fb23aff0000-7fb23aff3000 ---p 00000000 00:00 0 
7fb23aff3000-7fb23b0f1000 rw-p 00000000 00:00 0 
7fb23b0f1000-7fb23b0f4000 ---p 00000000 00:00 0 
7fb23b0f4000-7fb23b1f2000 rw-p 00000000 00:00 0 
7fb23b1f2000-7fb23b1f3000 ---p 00000000 00:00 0 
7fb23b1f3000-7fb23c000000 rw-p 00000000 00:00 0 
7fb23c000000-7fb23c323000 rw-p 00000000 00:00 0 
7fb23c323000-7fb240000000 ---p 00000000 00:00 0 
7fb240000000-7fb240001000 r--s 00003000 08:05 527850                     /usr/local/android/gradle/gradle-2.14.1/lib/native-platform-linux-amd64-0.10.jar
7fb240001000-7fb240003000 r--s 00008000 08:05 527880                     /usr/local/android/gradle/gradle-2.14.1/lib/jansi-1.2.1.jar
7fb240003000-7fb240006000 r--s 0000d000 08:05 527874                     /usr/local/android/gradle/gradle-2.14.1/lib/native-platform-0.10.jar
7fb240006000-7fb24000a000 r--s 000e4000 08:05 527873                     /usr/local/android/gradle/gradle-2.14.1/lib/jna-3.2.7.jar
7fb24000a000-7fb24000c000 r--s 00009000 08:05 527885                     /usr/local/android/gradle/gradle-2.14.1/lib/gradle-native-2.14.1.jar
7fb24000c000-7fb240019000 r--s 00083000 08:05 528006                     /usr/local/android/gradle/gradle-2.14.1/lib/commons-collections-3.2.2.jar
7fb240019000-7fb2402cb000 rw-p 00000000 00:00 0 
7fb2402cb000-7fb240498000 r--s 03bec000 08:05 263710                     /usr/local/android/jre/jre/lib/rt.jar
7fb240498000-7fb24400e000 rw-p 00000000 00:00 0 
7fb24400e000-7fb24400f000 ---p 00000000 00:00 0 
7fb24400f000-7fb24410f000 rw-p 00000000 00:00 0 
7fb24410f000-7fb244110000 ---p 00000000 00:00 0 
7fb244110000-7fb244210000 rw-p 00000000 00:00 0 
7fb244210000-7fb244211000 ---p 00000000 00:00 0 
7fb244211000-7fb2444ad000 rw-p 00000000 00:00 0 
7fb2444ad000-7fb244511000 ---p 00000000 00:00 0 
7fb244511000-7fb2446ad000 rw-p 00000000 00:00 0 
7fb2446ad000-7fb244711000 ---p 00000000 00:00 0 
7fb244711000-7fb244811000 rw-p 00000000 00:00 0 
7fb244811000-7fb244893000 rw-p 00000000 00:00 0 
7fb244893000-7fb244bd2000 ---p 00000000 00:00 0 
7fb244bd2000-7fb246c12000 rwxp 00000000 00:00 0 
7fb246c12000-7fb253bd2000 ---p 00000000 00:00 0 
7fb253bd2000-7fb253bec000 r-xp 00000000 08:05 263737                     /usr/local/android/jre/jre/lib/amd64/libzip.so
7fb253bec000-7fb253dec000 ---p 0001a000 08:05 263737                     /usr/local/android/jre/jre/lib/amd64/libzip.so
7fb253dec000-7fb253ded000 r--p 0001a000 08:05 263737                     /usr/local/android/jre/jre/lib/amd64/libzip.so
7fb253ded000-7fb253dee000 rw-p 0001b000 08:05 263737                     /usr/local/android/jre/jre/lib/amd64/libzip.so
7fb253dee000-7fb253df9000 r-xp 00000000 08:05 3419964                    /lib/x86_64-linux-gnu/libnss_files-2.23.so
7fb253df9000-7fb253ff8000 ---p 0000b000 08:05 3419964                    /lib/x86_64-linux-gnu/libnss_files-2.23.so
7fb253ff8000-7fb253ff9000 r--p 0000a000 08:05 3419964                    /lib/x86_64-linux-gnu/libnss_files-2.23.so
7fb253ff9000-7fb253ffa000 rw-p 0000b000 08:05 3419964                    /lib/x86_64-linux-gnu/libnss_files-2.23.so
7fb253ffa000-7fb254000000 rw-p 00000000 00:00 0 
7fb254000000-7fb254b4f000 rw-p 00000000 00:00 0 
7fb254b4f000-7fb258000000 ---p 00000000 00:00 0 
7fb258000000-7fb258001000 r--s 00002000 08:05 527849                     /usr/local/android/gradle/gradle-2.14.1/lib/native-platform-osx-amd64-0.10.jar
7fb258001000-7fb258003000 r--s 00005000 08:05 527886                     /usr/local/android/gradle/gradle-2.14.1/lib/gradle-cli-2.14.1.jar
7fb258003000-7fb258024000 rw-p 00000000 00:00 0 
7fb258024000-7fb258025000 ---p 00000000 00:00 0 
7fb258025000-7fb258125000 rw-p 00000000 00:00 0 
7fb258125000-7fb258130000 r-xp 00000000 08:05 3419961                    /lib/x86_64-linux-gnu/libnss_nis-2.23.so
7fb258130000-7fb25832f000 ---p 0000b000 08:05 3419961                    /lib/x86_64-linux-gnu/libnss_nis-2.23.so
7fb25832f000-7fb258330000 r--p 0000a000 08:05 3419961                    /lib/x86_64-linux-gnu/libnss_nis-2.23.so
7fb258330000-7fb258331000 rw-p 0000b000 08:05 3419961                    /lib/x86_64-linux-gnu/libnss_nis-2.23.so
7fb258331000-7fb258347000 r-xp 00000000 08:05 3419959                    /lib/x86_64-linux-gnu/libnsl-2.23.so
7fb258347000-7fb258546000 ---p 00016000 08:05 3419959                    /lib/x86_64-linux-gnu/libnsl-2.23.so
7fb258546000-7fb258547000 r--p 00015000 08:05 3419959                    /lib/x86_64-linux-gnu/libnsl-2.23.so
7fb258547000-7fb258548000 rw-p 00016000 08:05 3419959                    /lib/x86_64-linux-gnu/libnsl-2.23.so
7fb258548000-7fb25854a000 rw-p 00000000 00:00 0 
7fb25854a000-7fb258552000 r-xp 00000000 08:05 3419957                    /lib/x86_64-linux-gnu/libnss_compat-2.23.so
7fb258552000-7fb258751000 ---p 00008000 08:05 3419957                    /lib/x86_64-linux-gnu/libnss_compat-2.23.so
7fb258751000-7fb258752000 r--p 00007000 08:05 3419957                    /lib/x86_64-linux-gnu/libnss_compat-2.23.so
7fb258752000-7fb258753000 rw-p 00008000 08:05 3419957                    /lib/x86_64-linux-gnu/libnss_compat-2.23.so
7fb258753000-7fb258780000 r-xp 00000000 08:05 263747                     /usr/local/android/jre/jre/lib/amd64/libjava.so
7fb258780000-7fb25897f000 ---p 0002d000 08:05 263747                     /usr/local/android/jre/jre/lib/amd64/libjava.so
7fb25897f000-7fb258980000 r--p 0002c000 08:05 263747                     /usr/local/android/jre/jre/lib/amd64/libjava.so
7fb258980000-7fb258982000 rw-p 0002d000 08:05 263747                     /usr/local/android/jre/jre/lib/amd64/libjava.so
7fb258982000-7fb258992000 r-xp 00000000 08:05 263763                     /usr/local/android/jre/jre/lib/amd64/libverify.so
7fb258992000-7fb258b91000 ---p 00010000 08:05 263763                     /usr/local/android/jre/jre/lib/amd64/libverify.so
7fb258b91000-7fb258b93000 r--p 0000f000 08:05 263763                     /usr/local/android/jre/jre/lib/amd64/libverify.so
7fb258b93000-7fb258b94000 rw-p 00011000 08:05 263763                     /usr/local/android/jre/jre/lib/amd64/libverify.so
7fb258b94000-7fb258b9b000 r-xp 00000000 08:05 3419973                    /lib/x86_64-linux-gnu/librt-2.23.so
7fb258b9b000-7fb258d9a000 ---p 00007000 08:05 3419973                    /lib/x86_64-linux-gnu/librt-2.23.so
7fb258d9a000-7fb258d9b000 r--p 00006000 08:05 3419973                    /lib/x86_64-linux-gnu/librt-2.23.so
7fb258d9b000-7fb258d9c000 rw-p 00007000 08:05 3419973                    /lib/x86_64-linux-gnu/librt-2.23.so
7fb258d9c000-7fb258ea4000 r-xp 00000000 08:05 3419970                    /lib/x86_64-linux-gnu/libm-2.23.so
7fb258ea4000-7fb2590a3000 ---p 00108000 08:05 3419970                    /lib/x86_64-linux-gnu/libm-2.23.so
7fb2590a3000-7fb2590a4000 r--p 00107000 08:05 3419970                    /lib/x86_64-linux-gnu/libm-2.23.so
7fb2590a4000-7fb2590a5000 rw-p 00108000 08:05 3419970                    /lib/x86_64-linux-gnu/libm-2.23.so
7fb2590a5000-7fb259c8b000 r-xp 00000000 08:05 263767                     /usr/local/android/jre/jre/lib/amd64/server/libjvm.so
7fb259c8b000-7fb259e8b000 ---p 00be6000 08:05 263767                     /usr/local/android/jre/jre/lib/amd64/server/libjvm.so
7fb259e8b000-7fb259f2a000 r--p 00be6000 08:05 263767                     /usr/local/android/jre/jre/lib/amd64/server/libjvm.so
7fb259f2a000-7fb259f53000 rw-p 00c85000 08:05 263767                     /usr/local/android/jre/jre/lib/amd64/server/libjvm.so
7fb259f53000-7fb259f95000 rw-p 00000000 00:00 0 
7fb259f95000-7fb259fad000 r-xp 00000000 08:05 3419977                    /lib/x86_64-linux-gnu/libpthread-2.23.so
7fb259fad000-7fb25a1ac000 ---p 00018000 08:05 3419977                    /lib/x86_64-linux-gnu/libpthread-2.23.so
7fb25a1ac000-7fb25a1ad000 r--p 00017000 08:05 3419977                    /lib/x86_64-linux-gnu/libpthread-2.23.so
7fb25a1ad000-7fb25a1ae000 rw-p 00018000 08:05 3419977                    /lib/x86_64-linux-gnu/libpthread-2.23.so
7fb25a1ae000-7fb25a1b2000 rw-p 00000000 00:00 0 
7fb25a1b2000-7fb25a1b5000 r-xp 00000000 08:05 3419979                    /lib/x86_64-linux-gnu/libdl-2.23.so
7fb25a1b5000-7fb25a3b4000 ---p 00003000 08:05 3419979                    /lib/x86_64-linux-gnu/libdl-2.23.so
7fb25a3b4000-7fb25a3b5000 r--p 00002000 08:05 3419979                    /lib/x86_64-linux-gnu/libdl-2.23.so
7fb25a3b5000-7fb25a3b6000 rw-p 00003000 08:05 3419979                    /lib/x86_64-linux-gnu/libdl-2.23.so
7fb25a3b6000-7fb25a575000 r-xp 00000000 08:05 3419978                    /lib/x86_64-linux-gnu/libc-2.23.so
7fb25a575000-7fb25a775000 ---p 001bf000 08:05 3419978                    /lib/x86_64-linux-gnu/libc-2.23.so
7fb25a775000-7fb25a779000 r--p 001bf000 08:05 3419978                    /lib/x86_64-linux-gnu/libc-2.23.so
7fb25a779000-7fb25a77b000 rw-p 001c3000 08:05 3419978                    /lib/x86_64-linux-gnu/libc-2.23.so
7fb25a77b000-7fb25a77f000 rw-p 00000000 00:00 0 
7fb25a77f000-7fb25a795000 r-xp 00000000 08:05 263627                     /usr/local/android/jre/lib/amd64/jli/libjli.so
7fb25a795000-7fb25a994000 ---p 00016000 08:05 263627                     /usr/local/android/jre/lib/amd64/jli/libjli.so
7fb25a994000-7fb25a995000 r--p 00015000 08:05 263627                     /usr/local/android/jre/lib/amd64/jli/libjli.so
7fb25a995000-7fb25a996000 rw-p 00016000 08:05 263627                     /usr/local/android/jre/lib/amd64/jli/libjli.so
7fb25a996000-7fb25a9bc000 r-xp 00000000 08:05 3419974                    /lib/x86_64-linux-gnu/ld-2.23.so
7fb25a9bc000-7fb25a9bd000 r--s 00002000 08:05 527879                     /usr/local/android/gradle/gradle-2.14.1/lib/native-platform-osx-i386-0.10.jar
7fb25a9bd000-7fb25a9bf000 r--s 00007000 08:05 527855                     /usr/local/android/gradle/gradle-2.14.1/lib/gradle-model-groovy-2.14.1.jar
7fb25a9bf000-7fb25a9c0000 r--s 00006000 08:05 527870                     /usr/local/android/gradle/gradle-2.14.1/lib/gradle-base-services-groovy-2.14.1.jar
7fb25a9c0000-7fb25a9c1000 r--s 00002000 08:05 527863                     /usr/local/android/gradle/gradle-2.14.1/lib/gradle-docs-2.14.1.jar
7fb25a9c1000-7fb25a9c2000 r--s 00000000 08:05 528007                     /usr/local/android/gradle/gradle-2.14.1/lib/javax.inject-1.jar
7fb25a9c2000-7fb25a9c3000 r--s 00000000 08:05 527861                     /usr/local/android/gradle/gradle-2.14.1/lib/jcip-annotations-1.0.jar
7fb25a9c3000-7fb25a9c7000 r--s 00027000 08:05 527877                     /usr/local/android/gradle/gradle-2.14.1/lib/commons-io-2.2.jar
7fb25a9c7000-7fb25a9cc000 r--s 00038000 08:05 527867                     /usr/local/android/gradle/gradle-2.14.1/lib/asm-all-5.1.jar
7fb25a9cc000-7fb25a9d1000 r--s 00041000 08:05 527869                     /usr/local/android/gradle/gradle-2.14.1/lib/commons-lang-2.6.jar
7fb25a9d1000-7fb25a9d9000 r--s 0003a000 08:05 527868                     /usr/local/android/gradle/gradle-2.14.1/lib/gradle-base-services-2.14.1.jar
7fb25a9d9000-7fb25aa9b000 rw-p 00000000 00:00 0 
7fb25aa9b000-7fb25aa9e000 ---p 00000000 00:00 0 
7fb25aa9e000-7fb25aba0000 rw-p 00000000 00:00 0 
7fb25aba0000-7fb25aba1000 r--s 00001000 08:05 527882                     /usr/local/android/gradle/gradle-2.14.1/lib/gradle-process-services-2.14.1.jar
7fb25aba1000-7fb25aba2000 r--s 00000000 08:05 527844                     /usr/local/android/gradle/gradle-2.14.1/lib/gradle-jvm-services-2.14.1.jar
7fb25aba2000-7fb25aba3000 r--s 00007000 08:05 527854                     /usr/local/android/gradle/gradle-2.14.1/lib/slf4j-api-1.7.10.jar
7fb25aba3000-7fb25aba4000 r--s 00004000 08:05 527872                     /usr/local/android/gradle/gradle-2.14.1/lib/ant-launcher-1.9.6.jar
7fb25aba4000-7fb25abaf000 r--s 00051000 08:05 527864                     /usr/local/android/gradle/gradle-2.14.1/lib/gradle-launcher-2.14.1.jar
7fb25abaf000-7fb25abb7000 rw-s 00000000 08:05 2893011                    /tmp/hsperfdata_blue/9233
7fb25abb7000-7fb25abb8000 rw-p 00000000 00:00 0 
7fb25abb8000-7fb25abb9000 ---p 00000000 00:00 0 
7fb25abb9000-7fb25abbb000 rw-p 00000000 00:00 0 
7fb25abbb000-7fb25abbc000 r--p 00025000 08:05 3419974                    /lib/x86_64-linux-gnu/ld-2.23.so
7fb25abbc000-7fb25abbd000 rw-p 00026000 08:05 3419974                    /lib/x86_64-linux-gnu/ld-2.23.so
7fb25abbd000-7fb25abbe000 rw-p 00000000 00:00 0 
7ffd9f4de000-7ffd9f4ff000 rw-p 00000000 00:00 0                          [stack]
7ffd9f55d000-7ffd9f55f000 r--p 00000000 00:00 0                          [vvar]
7ffd9f55f000-7ffd9f561000 r-xp 00000000 00:00 0                          [vdso]
ffffffffff600000-ffffffffff601000 r-xp 00000000 00:00 0                  [vsyscall]

VM Arguments:
jvm_args: -Xmx1536m -Dfile.encoding=UTF-8 -Duser.country=US -Duser.language=en -Duser.variant 
java_command: org.gradle.launcher.daemon.bootstrap.GradleDaemon 2.14.1
java_class_path (initial): /usr/local/android/gradle/gradle-2.14.1/lib/gradle-launcher-2.14.1.jar
Launcher Type: SUN_STANDARD

Environment Variables:
JAVA_HOME=/usr/lib/jvm/java-8-oracle
PATH=/usr/local/sbin:/usr/local/bin:/usr/sbin:/usr/bin:/sbin:/bin:/usr/games:/usr/local/games";:/snap/bin:/usr/lib/jvm/java-8-oracle/bin:/usr/lib/jvm/java-8-oracle/db/bin:/usr/lib/jvm/java-8-oracle/jre/bin
LD_LIBRARY_PATH=/usr/local/android/bin:
SHELL=/bin/bash
DISPLAY=:1

Signal Handlers:
SIGSEGV: [libjvm.so+0x9daac0], sa_mask[0]=11111111011111111101111111111110, sa_flags=SA_RESTART|SA_SIGINFO
SIGBUS: [libjvm.so+0x9daac0], sa_mask[0]=11111111011111111101111111111110, sa_flags=SA_RESTART|SA_SIGINFO
SIGFPE: [libjvm.so+0x840d90], sa_mask[0]=11111111011111111101111111111110, sa_flags=SA_RESTART|SA_SIGINFO
SIGPIPE: [libjvm.so+0x840d90], sa_mask[0]=11111111011111111101111111111110, sa_flags=SA_RESTART|SA_SIGINFO
SIGXFSZ: [libjvm.so+0x840d90], sa_mask[0]=11111111011111111101111111111110, sa_flags=SA_RESTART|SA_SIGINFO
SIGILL: [libjvm.so+0x840d90], sa_mask[0]=11111111011111111101111111111110, sa_flags=SA_RESTART|SA_SIGINFO
SIGUSR1: SIG_DFL, sa_mask[0]=00000000000000000000000000000000, sa_flags=none
SIGUSR2: [libjvm.so+0x840c60], sa_mask[0]=00100000000000000000000000000000, sa_flags=SA_RESTART|SA_SIGINFO
SIGHUP: [libjvm.so+0x840e50], sa_mask[0]=11111111011111111101111111111110, sa_flags=SA_RESTART|SA_SIGINFO
SIGINT: [libjvm.so+0x840e50], sa_mask[0]=11111111011111111101111111111110, sa_flags=SA_RESTART|SA_SIGINFO
SIGTERM: [libjvm.so+0x840e50], sa_mask[0]=11111111011111111101111111111110, sa_flags=SA_RESTART|SA_SIGINFO
SIGQUIT: [libjvm.so+0x840e50], sa_mask[0]=11111111011111111101111111111110, sa_flags=SA_RESTART|SA_SIGINFO


---------------  S Y S T E M  ---------------

OS:DISTRIB_ID=Ubuntu
DISTRIB_RELEASE=16.04
DISTRIB_CODENAME=xenial
DISTRIB_DESCRIPTION="Ubuntu 16.04.1 LTS"

uname:Linux 4.4.0-45-generic #66-Ubuntu SMP Wed Oct 19 14:12:37 UTC 2016 x86_64
libc:glibc 2.23 NPTL 2.23 
rlimit: STACK 8192k, CORE 0k, NPROC 30541, NOFILE 65536, AS infinity
load average:4,74 3,40 1,74

/proc/meminfo:
MemTotal:        7858748 kB
MemFree:          120292 kB
MemAvailable:      92656 kB
Buffers:           17268 kB
Cached:           759652 kB
SwapCached:            0 kB
Active:          6848412 kB
Inactive:         634388 kB
Active(anon):    6776980 kB
Inactive(anon):   565784 kB
Active(file):      71432 kB
Inactive(file):    68604 kB
Unevictable:          32 kB
Mlocked:              32 kB
SwapTotal:             0 kB
SwapFree:              0 kB
Dirty:              1060 kB
Writeback:             0 kB
AnonPages:       6705928 kB
Mapped:           258332 kB
Shmem:            636912 kB
Slab:             123492 kB
SReclaimable:      74652 kB
SUnreclaim:        48840 kB
KernelStack:       14816 kB
PageTables:        71244 kB
NFS_Unstable:          0 kB
Bounce:                0 kB
WritebackTmp:          0 kB
CommitLimit:     3929372 kB
Committed_AS:   13122228 kB
VmallocTotal:   34359738367 kB
VmallocUsed:           0 kB
VmallocChunk:          0 kB
HardwareCorrupted:     0 kB
AnonHugePages:   4626432 kB
CmaTotal:              0 kB
CmaFree:               0 kB
HugePages_Total:       0
HugePages_Free:        0
HugePages_Rsvd:        0
HugePages_Surp:        0
Hugepagesize:       2048 kB
DirectMap4k:      162796 kB
DirectMap2M:     7905280 kB


CPU:total 4 (4 cores per cpu, 1 threads per core) family 6 model 58 stepping 9, cmov, cx8, fxsr, mmx, sse, sse2, sse3, ssse3, sse4.1, sse4.2, popcnt, avx, aes, clmul, erms, tsc, tscinvbit, tscinv

/proc/cpuinfo:
processor	: 0
vendor_id	: GenuineIntel
cpu family	: 6
model		: 58
model name	: Intel(R) Core(TM) i5-3330 CPU @ 3.00GHz
stepping	: 9
microcode	: 0x1c
cpu MHz		: 1929.726
cache size	: 6144 KB
physical id	: 0
siblings	: 4
core id		: 0
cpu cores	: 4
apicid		: 0
initial apicid	: 0
fpu		: yes
fpu_exception	: yes
cpuid level	: 13
wp		: yes
flags		: fpu vme de pse tsc msr pae mce cx8 apic sep mtrr pge mca cmov pat pse36 clflush dts acpi mmx fxsr sse sse2 ss ht tm pbe syscall nx rdtscp lm constant_tsc arch_perfmon pebs bts rep_good nopl xtopology nonstop_tsc aperfmperf eagerfpu pni pclmulqdq dtes64 monitor ds_cpl vmx est tm2 ssse3 cx16 xtpr pdcm pcid sse4_1 sse4_2 x2apic popcnt tsc_deadline_timer aes xsave avx f16c rdrand lahf_lm epb tpr_shadow vnmi flexpriority ept vpid fsgsbase smep erms xsaveopt dtherm ida arat pln pts
bugs		:
bogomips	: 6000.13
clflush size	: 64
cache_alignment	: 64
address sizes	: 36 bits physical, 48 bits virtual
power management:

processor	: 1
vendor_id	: GenuineIntel
cpu family	: 6
model		: 58
model name	: Intel(R) Core(TM) i5-3330 CPU @ 3.00GHz
stepping	: 9
microcode	: 0x1c
cpu MHz		: 1800.585
cache size	: 6144 KB
physical id	: 0
siblings	: 4
core id		: 1
cpu cores	: 4
apicid		: 2
initial apicid	: 2
fpu		: yes
fpu_exception	: yes
cpuid level	: 13
wp		: yes
flags		: fpu vme de pse tsc msr pae mce cx8 apic sep mtrr pge mca cmov pat pse36 clflush dts acpi mmx fxsr sse sse2 ss ht tm pbe syscall nx rdtscp lm constant_tsc arch_perfmon pebs bts rep_good nopl xtopology nonstop_tsc aperfmperf eagerfpu pni pclmulqdq dtes64 monitor ds_cpl vmx est tm2 ssse3 cx16 xtpr pdcm pcid sse4_1 sse4_2 x2apic popcnt tsc_deadline_timer aes xsave avx f16c rdrand lahf_lm epb tpr_shadow vnmi flexpriority ept vpid fsgsbase smep erms xsaveopt dtherm ida arat pln pts
bugs		:
bogomips	: 6000.13
clflush size	: 64
cache_alignment	: 64
address sizes	: 36 bits physical, 48 bits virtual
power management:

processor	: 2
vendor_id	: GenuineIntel
cpu family	: 6
model		: 58
model name	: Intel(R) Core(TM) i5-3330 CPU @ 3.00GHz
stepping	: 9
microcode	: 0x1c
cpu MHz		: 1888.007
cache size	: 6144 KB
physical id	: 0
siblings	: 4
core id		: 2
cpu cores	: 4
apicid		: 4
initial apicid	: 4
fpu		: yes
fpu_exception	: yes
cpuid level	: 13
wp		: yes
flags		: fpu vme de pse tsc msr pae mce cx8 apic sep mtrr pge mca cmov pat pse36 clflush dts acpi mmx fxsr sse sse2 ss ht tm pbe syscall nx rdtscp lm constant_tsc arch_perfmon pebs bts rep_good nopl xtopology nonstop_tsc aperfmperf eagerfpu pni pclmulqdq dtes64 monitor ds_cpl vmx est tm2 ssse3 cx16 xtpr pdcm pcid sse4_1 sse4_2 x2apic popcnt tsc_deadline_timer aes xsave avx f16c rdrand lahf_lm epb tpr_shadow vnmi flexpriority ept vpid fsgsbase smep erms xsaveopt dtherm ida arat pln pts
bugs		:
bogomips	: 6000.13
clflush size	: 64
cache_alignment	: 64
address sizes	: 36 bits physical, 48 bits virtual
power management:

processor	: 3
vendor_id	: GenuineIntel
cpu family	: 6
model		: 58
model name	: Intel(R) Core(TM) i5-3330 CPU @ 3.00GHz
stepping	: 9
microcode	: 0x1c
cpu MHz		: 1903.359
cache size	: 6144 KB
physical id	: 0
siblings	: 4
core id		: 3
cpu cores	: 4
apicid		: 6
initial apicid	: 6
fpu		: yes
fpu_exception	: yes
cpuid level	: 13
wp		: yes
flags		: fpu vme de pse tsc msr pae mce cx8 apic sep mtrr pge mca cmov pat pse36 clflush dts acpi mmx fxsr sse sse2 ss ht tm pbe syscall nx rdtscp lm constant_tsc arch_perfmon pebs bts rep_good nopl xtopology nonstop_tsc aperfmperf eagerfpu pni pclmulqdq dtes64 monitor ds_cpl vmx est tm2 ssse3 cx16 xtpr pdcm pcid sse4_1 sse4_2 x2apic popcnt tsc_deadline_timer aes xsave avx f16c rdrand lahf_lm epb tpr_shadow vnmi flexpriority ept vpid fsgsbase smep erms xsaveopt dtherm ida arat pln pts
bugs		:
bogomips	: 6000.13
clflush size	: 64
cache_alignment	: 64
address sizes	: 36 bits physical, 48 bits virtual
power management:



Memory: 4k page, physical 7858748k(120292k free), swap 0k(0k free)

vm_info: OpenJDK 64-Bit Server VM (25.76-b03) for linux-amd64 JRE (1.8.0_76-release-b03), built on Jun 29 2016 09:39:19 by "builder" with gcc 4.8.4

time: Fri Nov  4 00:22:20 2016
elapsed time: 40 seconds (0d 0h 0m 40s)

